Using pre-set license
Built from '2021.2/staging' branch; Version is '2021.2.16f1 (559fc0ec6670) revision 5611456'; Using compiler version '192829333'; Build Type 'Release'
OS: 'Windows 11  (10.0.22000) 64bit Core' Language: 'de' Physical Memory: 16173 MB
BatchMode: 1, IsHumanControllingUs: 0, StartBugReporterOnCrash: 0, Is64bit: 1, IsPro: 1

COMMAND LINE ARGUMENTS:
C:\Program Files\Unity\Hub\Editor\2021.2.16f1\Editor\Unity.exe
-adb2
-batchMode
-noUpm
-name
AssetImportWorker1
-projectPath
C:/Users/Skill/JuLeV001
-logFile
Logs/AssetImportWorker1.log
-srvPort
57852
Successfully changed project path to: C:/Users/Skill/JuLeV001
C:/Users/Skill/JuLeV001
[UnityMemory] Configuration Parameters - Can be set up in boot.config
    "memorysetup-bucket-allocator-granularity=16"
    "memorysetup-bucket-allocator-bucket-count=8"
    "memorysetup-bucket-allocator-block-size=33554432"
    "memorysetup-bucket-allocator-block-count=8"
    "memorysetup-main-allocator-block-size=16777216"
    "memorysetup-thread-allocator-block-size=16777216"
    "memorysetup-gfx-main-allocator-block-size=16777216"
    "memorysetup-gfx-thread-allocator-block-size=16777216"
    "memorysetup-cache-allocator-block-size=4194304"
    "memorysetup-typetree-allocator-block-size=2097152"
    "memorysetup-profiler-bucket-allocator-granularity=16"
    "memorysetup-profiler-bucket-allocator-bucket-count=8"
    "memorysetup-profiler-bucket-allocator-block-size=33554432"
    "memorysetup-profiler-bucket-allocator-block-count=8"
    "memorysetup-profiler-allocator-block-size=16777216"
    "memorysetup-profiler-editor-allocator-block-size=1048576"
    "memorysetup-temp-allocator-size-main=16777216"
    "memorysetup-job-temp-allocator-block-size=2097152"
    "memorysetup-job-temp-allocator-block-size-background=1048576"
    "memorysetup-job-temp-allocator-reduction-small-platforms=262144"
    "memorysetup-temp-allocator-size-background-worker=32768"
    "memorysetup-temp-allocator-size-job-worker=262144"
    "memorysetup-temp-allocator-size-preload-manager=33554432"
    "memorysetup-temp-allocator-size-nav-mesh-worker=65536"
    "memorysetup-temp-allocator-size-audio-worker=65536"
    "memorysetup-temp-allocator-size-cloud-worker=32768"
    "memorysetup-temp-allocator-size-gi-baking-worker=262144"
    "memorysetup-temp-allocator-size-gfx=262144"
Refreshing native plugins compatible for Editor in 204.96 ms, found 3 plugins.
Preloading 0 native plugins for Editor in 0.00 ms.
Initialize engine version: 2021.2.16f1 (559fc0ec6670)
[Subsystems] Discovering subsystems at path C:/Program Files/Unity/Hub/Editor/2021.2.16f1/Editor/Data/Resources/UnitySubsystems
[Subsystems] Discovering subsystems at path C:/Users/Skill/JuLeV001/Assets
GfxDevice: creating device client; threaded=0; jobified=0
Direct3D:
    Version:  Direct3D 11.0 [level 11.1]
    Renderer: NVIDIA GeForce GTX 1650 (ID=0x1f99)
    Vendor:   NVIDIA
    VRAM:     3962 MB
    Driver:   30.0.14.9613
Initialize mono
Mono path[0] = 'C:/Program Files/Unity/Hub/Editor/2021.2.16f1/Editor/Data/Managed'
Mono path[1] = 'C:/Program Files/Unity/Hub/Editor/2021.2.16f1/Editor/Data/MonoBleedingEdge/lib/mono/unityjit-win32'
Mono config path = 'C:/Program Files/Unity/Hub/Editor/2021.2.16f1/Editor/Data/MonoBleedingEdge/etc'
Using monoOptions --debugger-agent=transport=dt_socket,embedding=1,server=y,suspend=n,address=127.0.0.1:56084
Begin MonoManager ReloadAssembly
Registering precompiled unity dll's ...
Register platform support module: C:/Program Files/Unity/Hub/Editor/2021.2.16f1/Editor/Data/PlaybackEngines/WebGLSupport/UnityEditor.WebGL.Extensions.dll
Register platform support module: C:/Program Files/Unity/Hub/Editor/2021.2.16f1/Editor/Data/PlaybackEngines/MacStandaloneSupport/UnityEditor.OSXStandalone.Extensions.dll
Register platform support module: C:/Program Files/Unity/Hub/Editor/2021.2.16f1/Editor/Data/PlaybackEngines/AndroidPlayer/UnityEditor.Android.Extensions.dll
Register platform support module: C:/Program Files/Unity/Hub/Editor/2021.2.16f1/Editor/Data/PlaybackEngines/iOSSupport/UnityEditor.iOS.Extensions.dll
Register platform support module: C:/Program Files/Unity/Hub/Editor/2021.2.16f1/Editor/Data/PlaybackEngines/WindowsStandaloneSupport/UnityEditor.WindowsStandalone.Extensions.dll
Register platform support module: C:/Program Files/Unity/Hub/Editor/2021.2.16f1/Editor/Data/PlaybackEngines/LinuxStandaloneSupport/UnityEditor.LinuxStandalone.Extensions.dll
Register platform support module: C:/Program Files/Unity/Hub/Editor/2021.2.16f1/Editor/Data/PlaybackEngines/MetroSupport/UnityEditor.UWP.Extensions.dll
Registered in 0.039795 seconds.
Native extension for UWP target not found
Native extension for LinuxStandalone target not found
Native extension for WindowsStandalone target not found
[usbmuxd] Start listen thread
[usbmuxd] Listen thread started
Native extension for iOS target not found
Native extension for Android target not found
Native extension for OSXStandalone target not found
Native extension for WebGL target not found
Refreshing native plugins compatible for Editor in 214.37 ms, found 3 plugins.
Preloading 0 native plugins for Editor in 0.00 ms.
Mono: successfully reloaded assembly
- Completed reload, in  1.314 seconds
Domain Reload Profiling:
	ReloadAssembly (1315ms)
		BeginReloadAssembly (346ms)
			ExecutionOrderSort (0ms)
			DisableScriptedObjects (0ms)
			BackupInstance (0ms)
			ReleaseScriptingObjects (0ms)
			CreateAndSetChildDomain (1ms)
		EndReloadAssembly (795ms)
			LoadAssemblies (352ms)
			RebuildTransferFunctionScriptingTraits (0ms)
			SetupTypeCache (170ms)
			ReleaseScriptCaches (0ms)
			RebuildScriptCaches (34ms)
			SetupLoadedEditorAssemblies (517ms)
				LogAssemblyErrors (0ms)
				InitializePlatformSupportModulesInManaged (107ms)
				SetLoadedEditorAssemblies (0ms)
				RefreshPlugins (214ms)
				BeforeProcessingInitializeOnLoad (2ms)
				ProcessInitializeOnLoadAttributes (128ms)
				ProcessInitializeOnLoadMethodAttributes (64ms)
				AfterProcessingInitializeOnLoad (0ms)
				EditorAssembliesLoaded (0ms)
			ExecutionOrderSort2 (0ms)
			AwakeInstancesAfterBackupRestoration (0ms)
Platform modules already initialized, skipping
Registering precompiled user dll's ...
Registered in 0.009537 seconds.
Android Extension - Scanning For ADB Devices 4904 ms
Begin MonoManager ReloadAssembly
Symbol file LoadedFromMemory doesn't match image C:\Users\Skill\JuLeV001\Library\PackageCache\com.unity.visualscripting@1.7.6\Editor\VisualScripting.Core\Dependencies\YamlDotNet\Unity.VisualScripting.YamlDotNet.dll
Symbol file LoadedFromMemory doesn't match image C:\Users\Skill\JuLeV001\Library\PackageCache\com.unity.visualscripting@1.7.6\Editor\VisualScripting.Core\Dependencies\DotNetZip\Unity.VisualScripting.IonicZip.dll
Native extension for UWP target not found
Native extension for LinuxStandalone target not found
Native extension for WindowsStandalone target not found
Native extension for iOS target not found
Native extension for Android target not found
Native extension for OSXStandalone target not found
Native extension for WebGL target not found
Refreshing native plugins compatible for Editor in 256.54 ms, found 3 plugins.
Preloading 0 native plugins for Editor in 0.00 ms.
Mono: successfully reloaded assembly
- Completed reload, in  4.382 seconds
Domain Reload Profiling:
	ReloadAssembly (4384ms)
		BeginReloadAssembly (146ms)
			ExecutionOrderSort (0ms)
			DisableScriptedObjects (7ms)
			BackupInstance (0ms)
			ReleaseScriptingObjects (0ms)
			CreateAndSetChildDomain (26ms)
		EndReloadAssembly (4066ms)
			LoadAssemblies (1442ms)
			RebuildTransferFunctionScriptingTraits (0ms)
			SetupTypeCache (430ms)
			ReleaseScriptCaches (1ms)
			RebuildScriptCaches (102ms)
			SetupLoadedEditorAssemblies (2023ms)
				LogAssemblyErrors (0ms)
				InitializePlatformSupportModulesInManaged (45ms)
				SetLoadedEditorAssemblies (0ms)
				RefreshPlugins (257ms)
				BeforeProcessingInitializeOnLoad (188ms)
				ProcessInitializeOnLoadAttributes (1417ms)
				ProcessInitializeOnLoadMethodAttributes (108ms)
				AfterProcessingInitializeOnLoad (7ms)
				EditorAssembliesLoaded (0ms)
			ExecutionOrderSort2 (0ms)
			AwakeInstancesAfterBackupRestoration (9ms)
Platform modules already initialized, skipping
========================================================================
Worker process is ready to serve import requests
Launched and connected shader compiler UnityShaderCompiler.exe after 0.12 seconds
Refreshing native plugins compatible for Editor in 1.32 ms, found 3 plugins.
Preloading 0 native plugins for Editor in 0.00 ms.
Unloading 5080 Unused Serialized files (Serialized files now loaded: 0)
Unloading 47 unused Assets / (3.4 MB). Loaded Objects now: 5555.
Memory consumption went from 219.7 MB to 216.3 MB.
Total: 4.944300 ms (FindLiveObjects: 0.418000 ms CreateObjectMapping: 0.438400 ms MarkObjects: 3.339600 ms  DeleteObjects: 0.747500 ms)

AssetImportParameters requested are different than current active one (requested -> active):
  custom:video-decoder-ogg-theora: a1e56fd34408186e4bbccfd4996cb3dc -> 
  custom:container-muxer-webm: aa71ff27fc2769a1b78a27578f13a17b -> 
  custom:container-demuxer-webm: 4f35f7cbe854078d1ac9338744f61a02 -> 
  custom:video-encoder-webm-vp8: eb34c28f22e8b96e1ab97ce403110664 -> 
  custom:audio-encoder-webm-vorbis: bf7c407c2cedff20999df2af8eb42d56 -> 
  custom:framework-win-MediaFoundation: 216162199b28c13a410421893ffa2e32 -> 
  custom:container-demuxer-ogg: 62fdf1f143b41e24485cea50d1cbac27 -> 
  custom:video-decoder-webm-vp8: 9c59270c3fd7afecdb556c50c9e8de78 -> 
  custom:audio-decoder-ogg-vorbis: bf7c407c2cedff20999df2af8eb42d56 -> 
========================================================================
Received Import Request.
  Time since last request: 2676239.305905 seconds.
  path: Assets/Sounds My/X2Download.com - Dinosaur Eating Sound Effect (320 kbps).mp3
  artifactKey: Guid(e010b85f743ced248a8c8c093ec2e77b) Importer(815301076,1909f56bfc062723c751e8b465ee728b)
Start importing Assets/Sounds My/X2Download.com - Dinosaur Eating Sound Effect (320 kbps).mp3 using Guid(e010b85f743ced248a8c8c093ec2e77b) Importer(815301076,1909f56bfc062723c751e8b465ee728b)  -> (artifact id: '6429be88ffb340fa6a56b03d9646cf39') in 0.245609 seconds 
========================================================================
Received Import Request.
  Time since last request: 0.000026 seconds.
  path: Assets/Sounds My/Kind2.mp3
  artifactKey: Guid(1e821d2924f7bfc44b6a6865242a65a6) Importer(815301076,1909f56bfc062723c751e8b465ee728b)
Start importing Assets/Sounds My/Kind2.mp3 using Guid(1e821d2924f7bfc44b6a6865242a65a6) Importer(815301076,1909f56bfc062723c751e8b465ee728b)  -> (artifact id: 'a5f4f70cc90ac254ed0a471642d1c771') in 0.014758 seconds 
========================================================================
Received Import Request.
  Time since last request: 0.000019 seconds.
  path: Assets/Sounds My/WalkStep2.mp3
  artifactKey: Guid(31042228bac49d04a859dcfe82988b26) Importer(815301076,1909f56bfc062723c751e8b465ee728b)
Start importing Assets/Sounds My/WalkStep2.mp3 using Guid(31042228bac49d04a859dcfe82988b26) Importer(815301076,1909f56bfc062723c751e8b465ee728b)  -> (artifact id: 'fc55a9611591ec9f4e027fa49de614a6') in 0.026230 seconds 
========================================================================
Received Import Request.
  Time since last request: 0.000026 seconds.
  path: Assets/Sounds My/kindneu1.mp3
  artifactKey: Guid(c6dfd1f2d426ed64c8dab9e1f92fa2ec) Importer(815301076,1909f56bfc062723c751e8b465ee728b)
Start importing Assets/Sounds My/kindneu1.mp3 using Guid(c6dfd1f2d426ed64c8dab9e1f92fa2ec) Importer(815301076,1909f56bfc062723c751e8b465ee728b)  -> (artifact id: 'c16153a628ab8f1b74fa3ce6976540e6') in 0.014825 seconds 
========================================================================
Received Import Request.
  Time since last request: 0.000027 seconds.
  path: Assets/Sounds My/Tavern.mp3
  artifactKey: Guid(043105606ac5eb24eb22bf427ece8c4d) Importer(815301076,1909f56bfc062723c751e8b465ee728b)
Start importing Assets/Sounds My/Tavern.mp3 using Guid(043105606ac5eb24eb22bf427ece8c4d) Importer(815301076,1909f56bfc062723c751e8b465ee728b)  -> (artifact id: 'b5c94fd83cce852d14c98b622055f7a9') in 0.015621 seconds 
========================================================================
Received Import Request.
  Time since last request: 0.000021 seconds.
  path: Assets/Sounds My/tavern1Dia.mp3
  artifactKey: Guid(906a4ae66c798df4aa6f218447f0cae9) Importer(815301076,1909f56bfc062723c751e8b465ee728b)
Start importing Assets/Sounds My/tavern1Dia.mp3 using Guid(906a4ae66c798df4aa6f218447f0cae9) Importer(815301076,1909f56bfc062723c751e8b465ee728b)  -> (artifact id: '1c3df37cd8280e0b0e1927a02b243f2c') in 0.037434 seconds 
========================================================================
Received Import Request.
  Time since last request: 0.000024 seconds.
  path: Assets/Sounds My/Tut3.mp3
  artifactKey: Guid(c69371110fc149846b4dd4ad840ec6a6) Importer(815301076,1909f56bfc062723c751e8b465ee728b)
Start importing Assets/Sounds My/Tut3.mp3 using Guid(c69371110fc149846b4dd4ad840ec6a6) Importer(815301076,1909f56bfc062723c751e8b465ee728b)  -> (artifact id: '007c5b90bc9005631373425ac8a86f76') in 0.012997 seconds 
========================================================================
Received Import Request.
  Time since last request: 0.000035 seconds.
  path: Assets/Sounds My/Break.mp3
  artifactKey: Guid(2876e6ac90bfec143979a84253aa8f61) Importer(815301076,1909f56bfc062723c751e8b465ee728b)
Start importing Assets/Sounds My/Break.mp3 using Guid(2876e6ac90bfec143979a84253aa8f61) Importer(815301076,1909f56bfc062723c751e8b465ee728b)  -> (artifact id: 'c4676aa7927b74a369b383a9c1ca766f') in 0.018727 seconds 
========================================================================
Received Import Request.
  Time since last request: 0.000028 seconds.
  path: Assets/Sounds My/Richard Keksboy.mp3
  artifactKey: Guid(d649988cf86c7f54eb4563c3cd1be1bb) Importer(815301076,1909f56bfc062723c751e8b465ee728b)
Start importing Assets/Sounds My/Richard Keksboy.mp3 using Guid(d649988cf86c7f54eb4563c3cd1be1bb) Importer(815301076,1909f56bfc062723c751e8b465ee728b)  -> (artifact id: 'e011a29e921481ca1bb300ca0c8404c4') in 0.012916 seconds 
========================================================================
Received Import Request.
  Time since last request: 0.000022 seconds.
  path: Assets/Sounds My/object-tool-steel-hammer-on-wood-hard-single-06.wav
  artifactKey: Guid(05ef210fe3eebcd45984c3de61908ab1) Importer(815301076,1909f56bfc062723c751e8b465ee728b)
Start importing Assets/Sounds My/object-tool-steel-hammer-on-wood-hard-single-06.wav using Guid(05ef210fe3eebcd45984c3de61908ab1) Importer(815301076,1909f56bfc062723c751e8b465ee728b)  -> (artifact id: 'd0ec6818f9a298c829cdac8c36d6fa58') in 0.020887 seconds 
========================================================================
Received Import Request.
  Time since last request: 0.000022 seconds.
  path: Assets/Sounds My/object-door-slide-door-electric-supermarket-open-02.wav
  artifactKey: Guid(c62e586354ae0af45b9ee30c0f3ff912) Importer(815301076,1909f56bfc062723c751e8b465ee728b)
Start importing Assets/Sounds My/object-door-slide-door-electric-supermarket-open-02.wav using Guid(c62e586354ae0af45b9ee30c0f3ff912) Importer(815301076,1909f56bfc062723c751e8b465ee728b)  -> (artifact id: '8d6a9d16e32b505874a48b9f9d351d75') in 0.011955 seconds 
========================================================================
Received Import Request.
  Time since last request: 0.000025 seconds.
  path: Assets/Sounds My/RunStep1.mp3
  artifactKey: Guid(27f2d66883b04a54b9f865e081f435a4) Importer(815301076,1909f56bfc062723c751e8b465ee728b)
Start importing Assets/Sounds My/RunStep1.mp3 using Guid(27f2d66883b04a54b9f865e081f435a4) Importer(815301076,1909f56bfc062723c751e8b465ee728b)  -> (artifact id: '4cad7fd15bfa5aa193759a5cb9921882') in 0.010911 seconds 
========================================================================
Received Import Request.
  Time since last request: 0.000031 seconds.
  path: Assets/Sounds My/HeySaftsack1.mp3
  artifactKey: Guid(df184fa3e304b894281e8df4e81dc39d) Importer(815301076,1909f56bfc062723c751e8b465ee728b)
Start importing Assets/Sounds My/HeySaftsack1.mp3 using Guid(df184fa3e304b894281e8df4e81dc39d) Importer(815301076,1909f56bfc062723c751e8b465ee728b)  -> (artifact id: '2653bcf9ae51a389352fe735e206f6a2') in 0.011935 seconds 
========================================================================
Received Import Request.
  Time since last request: 0.000028 seconds.
  path: Assets/Sounds My/Kind1.mp3
  artifactKey: Guid(d3adc48db24153844b8bda51fd11a9d0) Importer(815301076,1909f56bfc062723c751e8b465ee728b)
Start importing Assets/Sounds My/Kind1.mp3 using Guid(d3adc48db24153844b8bda51fd11a9d0) Importer(815301076,1909f56bfc062723c751e8b465ee728b)  -> (artifact id: '24307b54e5c4c3d799c029bf8a3bb14e') in 0.018068 seconds 
========================================================================
Received Import Request.
  Time since last request: 0.000027 seconds.
  path: Assets/Sounds My/HeySaftsack4.mp3
  artifactKey: Guid(8316377a401d9e740a7381ed42c27c45) Importer(815301076,1909f56bfc062723c751e8b465ee728b)
Start importing Assets/Sounds My/HeySaftsack4.mp3 using Guid(8316377a401d9e740a7381ed42c27c45) Importer(815301076,1909f56bfc062723c751e8b465ee728b)  -> (artifact id: '350ccd95157967960ecebbbf86b977fd') in 0.023971 seconds 
========================================================================
Received Import Request.
  Time since last request: 0.000029 seconds.
  path: Assets/Sounds My/Rake.mp3
  artifactKey: Guid(bf6cdefa53284fc419052ab007e3d396) Importer(815301076,1909f56bfc062723c751e8b465ee728b)
Start importing Assets/Sounds My/Rake.mp3 using Guid(bf6cdefa53284fc419052ab007e3d396) Importer(815301076,1909f56bfc062723c751e8b465ee728b)  -> (artifact id: '516629c68c336463bcc3d9735e5166c4') in 0.014362 seconds 
========================================================================
Received Import Request.
  Time since last request: 0.000023 seconds.
  path: Assets/Sounds My/Tut1.mp3
  artifactKey: Guid(5fc500d6a88ce544abf88ac94e41f9b3) Importer(815301076,1909f56bfc062723c751e8b465ee728b)
Start importing Assets/Sounds My/Tut1.mp3 using Guid(5fc500d6a88ce544abf88ac94e41f9b3) Importer(815301076,1909f56bfc062723c751e8b465ee728b)  -> (artifact id: '44a0f246426f1f998cfb83be20076a89') in 0.014350 seconds 
========================================================================
Received Import Request.
  Time since last request: 0.000025 seconds.
  path: Assets/Sounds My/TutAmbience.mp3
  artifactKey: Guid(184a87237ef98cb49a15f67d5f452856) Importer(815301076,1909f56bfc062723c751e8b465ee728b)
Start importing Assets/Sounds My/TutAmbience.mp3 using Guid(184a87237ef98cb49a15f67d5f452856) Importer(815301076,1909f56bfc062723c751e8b465ee728b)  -> (artifact id: '0479f1d98d905b7931593226943272e4') in 0.013456 seconds 
========================================================================
Received Import Request.
  Time since last request: 0.000028 seconds.
  path: Assets/Sounds My/Run.mp3
  artifactKey: Guid(b276277c196668c4082a121a81cd5db4) Importer(815301076,1909f56bfc062723c751e8b465ee728b)
Start importing Assets/Sounds My/Run.mp3 using Guid(b276277c196668c4082a121a81cd5db4) Importer(815301076,1909f56bfc062723c751e8b465ee728b)  -> (artifact id: 'f1d662a7352a866e522b4745e5f2beb1') in 0.017347 seconds 
========================================================================
Received Import Request.
  Time since last request: 0.000023 seconds.
  path: Assets/Sounds My/Recording0001.mp3
  artifactKey: Guid(aec81d2a26e599448ae925698606181d) Importer(815301076,1909f56bfc062723c751e8b465ee728b)
Start importing Assets/Sounds My/Recording0001.mp3 using Guid(aec81d2a26e599448ae925698606181d) Importer(815301076,1909f56bfc062723c751e8b465ee728b)  -> (artifact id: 'd47619c1795c95a26d3d619d2c9706ef') in 0.013978 seconds 
========================================================================
Received Import Request.
  Time since last request: 0.000023 seconds.
  path: Assets/Sounds My/Rake 1.mp3
  artifactKey: Guid(2a04b9c80be4dbc48ba41759d87c5af7) Importer(815301076,1909f56bfc062723c751e8b465ee728b)
Start importing Assets/Sounds My/Rake 1.mp3 using Guid(2a04b9c80be4dbc48ba41759d87c5af7) Importer(815301076,1909f56bfc062723c751e8b465ee728b)  -> (artifact id: '5cf351c8b7100007eea8ae6ac5392d77') in 0.010212 seconds 
========================================================================
Received Import Request.
  Time since last request: 0.000032 seconds.
  path: Assets/Sounds My/X2Download.com - Star Wars - Hyperspace Wormhole Effect (Hiperuzay efekti) (320 kbps).mp3
  artifactKey: Guid(248806e0dab2ac24bb0995add8c98ac5) Importer(815301076,1909f56bfc062723c751e8b465ee728b)
Start importing Assets/Sounds My/X2Download.com - Star Wars - Hyperspace Wormhole Effect (Hiperuzay efekti) (320 kbps).mp3 using Guid(248806e0dab2ac24bb0995add8c98ac5) Importer(815301076,1909f56bfc062723c751e8b465ee728b)  -> (artifact id: 'c0ee4faeeb4c81d3c5ff565134fcdb91') in 0.014342 seconds 
========================================================================
Received Import Request.
  Time since last request: 0.000030 seconds.
  path: Assets/Sounds My/Tut2.mp3
  artifactKey: Guid(e463965ee2fcfad40a064659bcd46123) Importer(815301076,1909f56bfc062723c751e8b465ee728b)
Start importing Assets/Sounds My/Tut2.mp3 using Guid(e463965ee2fcfad40a064659bcd46123) Importer(815301076,1909f56bfc062723c751e8b465ee728b)  -> (artifact id: '898d0b68ed8b029bf6c5d64ef946f222') in 0.013112 seconds 
========================================================================
Received Import Request.
  Time since last request: 0.000022 seconds.
  path: Assets/Sounds My/atmo-drone-sci-fi-generator-01.wav
  artifactKey: Guid(eca321b8bc8ab0343b997366010fa03e) Importer(815301076,1909f56bfc062723c751e8b465ee728b)
Start importing Assets/Sounds My/atmo-drone-sci-fi-generator-01.wav using Guid(eca321b8bc8ab0343b997366010fa03e) Importer(815301076,1909f56bfc062723c751e8b465ee728b)  -> (artifact id: 'a72acf2f691da267793c911cbb6dcf67') in 0.015510 seconds 
========================================================================
Received Import Request.
  Time since last request: 0.000024 seconds.
  path: Assets/Sounds My/atmo-science-fiction-space-station-ambience-loop-01.wav
  artifactKey: Guid(d6dfd5c613f1439419e3b9e3baba6927) Importer(815301076,1909f56bfc062723c751e8b465ee728b)
Start importing Assets/Sounds My/atmo-science-fiction-space-station-ambience-loop-01.wav using Guid(d6dfd5c613f1439419e3b9e3baba6927) Importer(815301076,1909f56bfc062723c751e8b465ee728b)  -> (artifact id: '8604b4d1de0ac6c42bba8fc2f179593e') in 0.012198 seconds 
========================================================================
Received Import Request.
  Time since last request: 18.675512 seconds.
  path: Assets/Sounds My/music/Music_Scene_01/kf012513-orbit-control.wav
  artifactKey: Guid(b7c7a3e980bd5f64089f43389eba624d) Importer(815301076,1909f56bfc062723c751e8b465ee728b)
Start importing Assets/Sounds My/music/Music_Scene_01/kf012513-orbit-control.wav using Guid(b7c7a3e980bd5f64089f43389eba624d) Importer(815301076,1909f56bfc062723c751e8b465ee728b)  -> (artifact id: 'dcb606c8283ba177040d6f800a5d2ae5') in 0.046142 seconds 
========================================================================
Received Import Request.
  Time since last request: 0.000021 seconds.
  path: Assets/Sounds My/music/Music_Scene_01/kf017305-assembly-point.wav
  artifactKey: Guid(e89b3dcdf9826914ab7fed830ba94c9d) Importer(815301076,1909f56bfc062723c751e8b465ee728b)
Start importing Assets/Sounds My/music/Music_Scene_01/kf017305-assembly-point.wav using Guid(e89b3dcdf9826914ab7fed830ba94c9d) Importer(815301076,1909f56bfc062723c751e8b465ee728b)  -> (artifact id: '38f73bbce7cd40d4375c8b23b3916fee') in 0.032754 seconds 
========================================================================
Received Import Request.
  Time since last request: 0.000025 seconds.
  path: Assets/Sounds My/music/Music_Scene_01/kf018905-get-ready-now.wav
  artifactKey: Guid(02937cef2bce04f41b96f5bd41ca8e6f) Importer(815301076,1909f56bfc062723c751e8b465ee728b)
Start importing Assets/Sounds My/music/Music_Scene_01/kf018905-get-ready-now.wav using Guid(02937cef2bce04f41b96f5bd41ca8e6f) Importer(815301076,1909f56bfc062723c751e8b465ee728b)  -> (artifact id: '00b0baec586ac86034b7cac9c8abc78d') in 0.018506 seconds 
========================================================================
Received Import Request.
  Time since last request: 383.358559 seconds.
  path: Assets/Sounds My/Effects/game-fx-energy-stream-02.wav
  artifactKey: Guid(17d52f357fb27b74bacf8c6bcda25e74) Importer(815301076,1909f56bfc062723c751e8b465ee728b)
Start importing Assets/Sounds My/Effects/game-fx-energy-stream-02.wav using Guid(17d52f357fb27b74bacf8c6bcda25e74) Importer(815301076,1909f56bfc062723c751e8b465ee728b)  -> (artifact id: '4c568c73ebcd94b78f596b39f3d4f0b9') in 0.042379 seconds 
========================================================================
Received Import Request.
  Time since last request: 0.000028 seconds.
  path: Assets/Sounds My/Effects/human-vocal-female-impressed-02.wav
  artifactKey: Guid(8abe3efc39c692345a9440e135d7971f) Importer(815301076,1909f56bfc062723c751e8b465ee728b)
Start importing Assets/Sounds My/Effects/human-vocal-female-impressed-02.wav using Guid(8abe3efc39c692345a9440e135d7971f) Importer(815301076,1909f56bfc062723c751e8b465ee728b)  -> (artifact id: '236d56b796e5e0e0d4cc2aae6cf5bae6') in 0.031703 seconds 
========================================================================
Received Import Request.
  Time since last request: 0.000022 seconds.
  path: Assets/Sounds My/Effects/sci-fi-spaceship-hydraulics-medium-01-steady-03.wav
  artifactKey: Guid(37af9cd03d4b2f641981ab0be03e828e) Importer(815301076,1909f56bfc062723c751e8b465ee728b)
Start importing Assets/Sounds My/Effects/sci-fi-spaceship-hydraulics-medium-01-steady-03.wav using Guid(37af9cd03d4b2f641981ab0be03e828e) Importer(815301076,1909f56bfc062723c751e8b465ee728b)  -> (artifact id: '309d40981d26eff9a51521c2e70f97ea') in 0.018431 seconds 
========================================================================
Received Import Request.
  Time since last request: 0.000025 seconds.
  path: Assets/Sounds My/Effects/X2Download.com - Arcade Game_ Pac-Man (1980 Namco (Midway License for US release)) (128 kbps).mp3
  artifactKey: Guid(9f0a1882904ac154b889a7fca6332b40) Importer(815301076,1909f56bfc062723c751e8b465ee728b)
Start importing Assets/Sounds My/Effects/X2Download.com - Arcade Game_ Pac-Man (1980 Namco (Midway License for US release)) (128 kbps).mp3 using Guid(9f0a1882904ac154b889a7fca6332b40) Importer(815301076,1909f56bfc062723c751e8b465ee728b)  -> (artifact id: '0893510b64eb6d6586ba7f2221c59c51') in 0.013731 seconds 
========================================================================
Received Import Request.
  Time since last request: 0.000025 seconds.
  path: Assets/Sounds My/Effects/game-fx-synthetic-beam-01.wav
  artifactKey: Guid(b7f0a42c60af59445aa22bc7c97a955a) Importer(815301076,1909f56bfc062723c751e8b465ee728b)
Start importing Assets/Sounds My/Effects/game-fx-synthetic-beam-01.wav using Guid(b7f0a42c60af59445aa22bc7c97a955a) Importer(815301076,1909f56bfc062723c751e8b465ee728b)  -> (artifact id: '4a3ab60bb46d3d6812e6d1f93a1a947c') in 0.011700 seconds 
========================================================================
Received Import Request.
  Time since last request: 0.000033 seconds.
  path: Assets/Sounds My/Effects/human-mouth-burp-quiet-short-01.wav
  artifactKey: Guid(b3de1b2ef52188a45ab1beb703a4245c) Importer(815301076,1909f56bfc062723c751e8b465ee728b)
Start importing Assets/Sounds My/Effects/human-mouth-burp-quiet-short-01.wav using Guid(b3de1b2ef52188a45ab1beb703a4245c) Importer(815301076,1909f56bfc062723c751e8b465ee728b)  -> (artifact id: 'd1e76e091be0722316593b1b20a58833') in 0.012790 seconds 
========================================================================
Received Import Request.
  Time since last request: 0.000028 seconds.
  path: Assets/Sounds My/Effects/human-breath-female-aroused-02.wav
  artifactKey: Guid(87d1ee4bef7e53f49be835ebba18c61a) Importer(815301076,1909f56bfc062723c751e8b465ee728b)
Start importing Assets/Sounds My/Effects/human-breath-female-aroused-02.wav using Guid(87d1ee4bef7e53f49be835ebba18c61a) Importer(815301076,1909f56bfc062723c751e8b465ee728b)  -> (artifact id: 'ca7e28b8fdce98fa6dce6a593bec742f') in 0.012332 seconds 
========================================================================
Received Import Request.
  Time since last request: 0.000032 seconds.
  path: Assets/Sounds My/Effects/human-vocal-male-near-death-07.wav
  artifactKey: Guid(634f6c55e21b48340b3c28e98c7ff3de) Importer(815301076,1909f56bfc062723c751e8b465ee728b)
Start importing Assets/Sounds My/Effects/human-vocal-male-near-death-07.wav using Guid(634f6c55e21b48340b3c28e98c7ff3de) Importer(815301076,1909f56bfc062723c751e8b465ee728b)  -> (artifact id: '69d449bc903a75e96f8eb0c71aee8944') in 0.012670 seconds 
========================================================================
Received Import Request.
  Time since last request: 0.000026 seconds.
  path: Assets/Sounds My/Effects/sci-fi-electromechanics-gate-open-hydraulics-01.wav
  artifactKey: Guid(958e29c9733287d4cbb8580982af09c6) Importer(815301076,1909f56bfc062723c751e8b465ee728b)
Start importing Assets/Sounds My/Effects/sci-fi-electromechanics-gate-open-hydraulics-01.wav using Guid(958e29c9733287d4cbb8580982af09c6) Importer(815301076,1909f56bfc062723c751e8b465ee728b)  -> (artifact id: '66a71721b556bb9783e6fa8233787bcc') in 0.011092 seconds 
========================================================================
Received Import Request.
  Time since last request: 16.856516 seconds.
  path: Assets/Sounds My/Effects/your-new-project-2022-05-05t19-24-26-985394z/music/Music_Scene_01/kf017702-on-a-hill-top.wav
  artifactKey: Guid(7fe96d8dc9c1aaa478b5c41eef512d87) Importer(815301076,1909f56bfc062723c751e8b465ee728b)
Start importing Assets/Sounds My/Effects/your-new-project-2022-05-05t19-24-26-985394z/music/Music_Scene_01/kf017702-on-a-hill-top.wav using Guid(7fe96d8dc9c1aaa478b5c41eef512d87) Importer(815301076,1909f56bfc062723c751e8b465ee728b)  -> (artifact id: '092a1376af89036ae9cd599700a07735') in 0.051762 seconds 
========================================================================
Received Import Request.
  Time since last request: 0.000019 seconds.
  path: Assets/Sounds My/Effects/your-new-project-2022-05-05t19-24-26-985394z/music/Music_Scene_01/kf020508-so-this-is-life.wav
  artifactKey: Guid(9eca1ded2e1736c429ae414273b7eef2) Importer(815301076,1909f56bfc062723c751e8b465ee728b)
Start importing Assets/Sounds My/Effects/your-new-project-2022-05-05t19-24-26-985394z/music/Music_Scene_01/kf020508-so-this-is-life.wav using Guid(9eca1ded2e1736c429ae414273b7eef2) Importer(815301076,1909f56bfc062723c751e8b465ee728b)  -> (artifact id: 'f72651fe76435ae77380a5501555eaa6') in 0.034322 seconds 
========================================================================
Received Import Request.
  Time since last request: 25.831954 seconds.
  path: Assets/Sounds My/Effects/your-new-project-2022-05-05t19-24-26-985394z/sound/Sound_Scene_01/electricity-lightning-insulator-partial-discharge-long-01.wav
  artifactKey: Guid(9dc0c21f4cc3c3f49a1dd35c45a104c0) Importer(815301076,1909f56bfc062723c751e8b465ee728b)
Start importing Assets/Sounds My/Effects/your-new-project-2022-05-05t19-24-26-985394z/sound/Sound_Scene_01/electricity-lightning-insulator-partial-discharge-long-01.wav using Guid(9dc0c21f4cc3c3f49a1dd35c45a104c0) Importer(815301076,1909f56bfc062723c751e8b465ee728b)  -> (artifact id: 'c34dda1f0a7c0b33e397ef6d4385ef2e') in 0.053903 seconds 
========================================================================
Received Import Request.
  Time since last request: 0.000019 seconds.
  path: Assets/Sounds My/Effects/your-new-project-2022-05-05t19-24-26-985394z/sound/Sound_Scene_01/X2Download.com - Car Engine Sound Effect (exterior) (320 kbps).mp3
  artifactKey: Guid(df72c3bd5d5d9e244be64d3f1fdba757) Importer(815301076,1909f56bfc062723c751e8b465ee728b)
Start importing Assets/Sounds My/Effects/your-new-project-2022-05-05t19-24-26-985394z/sound/Sound_Scene_01/X2Download.com - Car Engine Sound Effect (exterior) (320 kbps).mp3 using Guid(df72c3bd5d5d9e244be64d3f1fdba757) Importer(815301076,1909f56bfc062723c751e8b465ee728b)  -> (artifact id: 'd21b531f49566c660bbecab7092fb78f') in 0.034023 seconds 
========================================================================
Received Import Request.
  Time since last request: 0.000032 seconds.
  path: Assets/Sounds My/Effects/your-new-project-2022-05-05t19-24-26-985394z/sound/Sound_Scene_01/human-mouth-burp-quiet-short-02.wav
  artifactKey: Guid(1d1c3151f088cae40ad4ee593323aebf) Importer(815301076,1909f56bfc062723c751e8b465ee728b)
Start importing Assets/Sounds My/Effects/your-new-project-2022-05-05t19-24-26-985394z/sound/Sound_Scene_01/human-mouth-burp-quiet-short-02.wav using Guid(1d1c3151f088cae40ad4ee593323aebf) Importer(815301076,1909f56bfc062723c751e8b465ee728b)  -> (artifact id: '29c09082f5a4782349cd272a5323d3af') in 0.012372 seconds 
========================================================================
Received Import Request.
  Time since last request: 0.000026 seconds.
  path: Assets/Sounds My/Effects/your-new-project-2022-05-05t19-24-26-985394z/sound/Sound_Scene_01/human-vocal-male-idle-whistle-03.wav
  artifactKey: Guid(500fdce016914334b912356c2dd71fae) Importer(815301076,1909f56bfc062723c751e8b465ee728b)
Start importing Assets/Sounds My/Effects/your-new-project-2022-05-05t19-24-26-985394z/sound/Sound_Scene_01/human-vocal-male-idle-whistle-03.wav using Guid(500fdce016914334b912356c2dd71fae) Importer(815301076,1909f56bfc062723c751e8b465ee728b)  -> (artifact id: '697757de9f4c04e4e730068ad1ff61e4') in 0.035840 seconds 
========================================================================
Received Import Request.
  Time since last request: 0.000023 seconds.
  path: Assets/Sounds My/Effects/your-new-project-2022-05-05t19-24-26-985394z/sound/Sound_Scene_01/object-paper-paper-pull-03.wav
  artifactKey: Guid(a9d286864c03c7d4cb9e29cbbbd0d83c) Importer(815301076,1909f56bfc062723c751e8b465ee728b)
Start importing Assets/Sounds My/Effects/your-new-project-2022-05-05t19-24-26-985394z/sound/Sound_Scene_01/object-paper-paper-pull-03.wav using Guid(a9d286864c03c7d4cb9e29cbbbd0d83c) Importer(815301076,1909f56bfc062723c751e8b465ee728b)  -> (artifact id: '86b31c72b494f527186276bf39812036') in 0.013315 seconds 
========================================================================
Received Import Request.
  Time since last request: 0.000036 seconds.
  path: Assets/Sounds My/Effects/your-new-project-2022-05-05t19-24-26-985394z/sound/Sound_Scene_01/human-mouth-burp-quiet-short-01.wav
  artifactKey: Guid(f88a0d3682f31d64eaa1093d0d3c094d) Importer(815301076,1909f56bfc062723c751e8b465ee728b)
Start importing Assets/Sounds My/Effects/your-new-project-2022-05-05t19-24-26-985394z/sound/Sound_Scene_01/human-mouth-burp-quiet-short-01.wav using Guid(f88a0d3682f31d64eaa1093d0d3c094d) Importer(815301076,1909f56bfc062723c751e8b465ee728b)  -> (artifact id: '2d42926066be0d8fec15da98aea5ca72') in 0.010526 seconds 
========================================================================
Received Import Request.
  Time since last request: 0.000034 seconds.
  path: Assets/Sounds My/Effects/your-new-project-2022-05-05t19-24-26-985394z/sound/Sound_Scene_01/object-bell-doorbell-01.wav
  artifactKey: Guid(f8e0eb2cbff58784ab9f101b9bba47f4) Importer(815301076,1909f56bfc062723c751e8b465ee728b)
Start importing Assets/Sounds My/Effects/your-new-project-2022-05-05t19-24-26-985394z/sound/Sound_Scene_01/object-bell-doorbell-01.wav using Guid(f8e0eb2cbff58784ab9f101b9bba47f4) Importer(815301076,1909f56bfc062723c751e8b465ee728b)  -> (artifact id: 'db365828d67e694f29a34aeca407e7fc') in 0.012083 seconds 
========================================================================
Received Import Request.
  Time since last request: 0.000028 seconds.
  path: Assets/Sounds My/Effects/your-new-project-2022-05-05t19-24-26-985394z/sound/Sound_Scene_01/transportation-car-doors-03.wav
  artifactKey: Guid(b16d98aa63f607e4a9a0720906870aeb) Importer(815301076,1909f56bfc062723c751e8b465ee728b)
Start importing Assets/Sounds My/Effects/your-new-project-2022-05-05t19-24-26-985394z/sound/Sound_Scene_01/transportation-car-doors-03.wav using Guid(b16d98aa63f607e4a9a0720906870aeb) Importer(815301076,1909f56bfc062723c751e8b465ee728b)  -> (artifact id: 'f03b35860ecc38dab3d5d4c8470d3e83') in 0.018296 seconds 
========================================================================
Received Import Request.
  Time since last request: 0.000025 seconds.
  path: Assets/Sounds My/Effects/your-new-project-2022-05-05t19-24-26-985394z/sound/Sound_Scene_01/human-vocal-female-impressed-02.wav
  artifactKey: Guid(47519ab674384f24f95f5ecfbd96a7d2) Importer(815301076,1909f56bfc062723c751e8b465ee728b)
Start importing Assets/Sounds My/Effects/your-new-project-2022-05-05t19-24-26-985394z/sound/Sound_Scene_01/human-vocal-female-impressed-02.wav using Guid(47519ab674384f24f95f5ecfbd96a7d2) Importer(815301076,1909f56bfc062723c751e8b465ee728b)  -> (artifact id: '9a37f39908a02307acd50c1b88b3c221') in 0.013633 seconds 
========================================================================
Received Import Request.
  Time since last request: 27.186439 seconds.
  path: Assets/Sounds My/Effects/your-new-project-2022-05-05t19-24-26-985394z/your-new-project-2022-05-06t09-03-58-097448z/sound/Sound_Scene_01/human-crowd-male-crowd-happy-01.wav
  artifactKey: Guid(ff15c6eb29e27ac41abc036b8e39f356) Importer(815301076,1909f56bfc062723c751e8b465ee728b)
Start importing Assets/Sounds My/Effects/your-new-project-2022-05-05t19-24-26-985394z/your-new-project-2022-05-06t09-03-58-097448z/sound/Sound_Scene_01/human-crowd-male-crowd-happy-01.wav using Guid(ff15c6eb29e27ac41abc036b8e39f356) Importer(815301076,1909f56bfc062723c751e8b465ee728b)  -> (artifact id: '0f2920ece0a465a4ac6cc986f9c6dc98') in 0.051418 seconds 
========================================================================
Received Import Request.
  Time since last request: 0.000017 seconds.
  path: Assets/Sounds My/Effects/your-new-project-2022-05-05t19-24-26-985394z/your-new-project-2022-05-06t09-03-58-097448z/sound/Sound_Scene_01/ui-medieval-collect-loot-heavy-01.wav
  artifactKey: Guid(282f41078397e6443ace9afe9646db68) Importer(815301076,1909f56bfc062723c751e8b465ee728b)
Start importing Assets/Sounds My/Effects/your-new-project-2022-05-05t19-24-26-985394z/your-new-project-2022-05-06t09-03-58-097448z/sound/Sound_Scene_01/ui-medieval-collect-loot-heavy-01.wav using Guid(282f41078397e6443ace9afe9646db68) Importer(815301076,1909f56bfc062723c751e8b465ee728b)  -> (artifact id: '508165360dad3614b9b9d7b71cb959ad') in 0.035169 seconds 
========================================================================
Received Import Request.
  Time since last request: 38.135688 seconds.
  path: Assets/Sounds My/Effects/your-new-project-2022-05-05t19-24-26-985394z/your-new-project-2022-05-06t09-03-58-097448z/music/Music_Scene_01/kf013305-adventure-starts.wav
  artifactKey: Guid(0504791aabbf62249a60c56f1a51257d) Importer(815301076,1909f56bfc062723c751e8b465ee728b)
Start importing Assets/Sounds My/Effects/your-new-project-2022-05-05t19-24-26-985394z/your-new-project-2022-05-06t09-03-58-097448z/music/Music_Scene_01/kf013305-adventure-starts.wav using Guid(0504791aabbf62249a60c56f1a51257d) Importer(815301076,1909f56bfc062723c751e8b465ee728b)  -> (artifact id: '0d5c7b5036912c7e34636d5a66e78063') in 0.057370 seconds 
========================================================================
Received Import Request.
  Time since last request: 0.000017 seconds.
  path: Assets/Sounds My/Effects/your-new-project-2022-05-05t19-24-26-985394z/your-new-project-2022-05-06t09-03-58-097448z/music/Music_Scene_01/kf018601-medieval-village.wav
  artifactKey: Guid(c77e791f04360ae45afc49cca9c261f5) Importer(815301076,1909f56bfc062723c751e8b465ee728b)
Start importing Assets/Sounds My/Effects/your-new-project-2022-05-05t19-24-26-985394z/your-new-project-2022-05-06t09-03-58-097448z/music/Music_Scene_01/kf018601-medieval-village.wav using Guid(c77e791f04360ae45afc49cca9c261f5) Importer(815301076,1909f56bfc062723c751e8b465ee728b)  -> (artifact id: 'b387acda13653a9f2549f052e0f20998') in 0.024377 seconds 
========================================================================
Received Import Request.
  Time since last request: 0.000032 seconds.
  path: Assets/Sounds My/Effects/your-new-project-2022-05-05t19-24-26-985394z/your-new-project-2022-05-06t09-03-58-097448z/music/Music_Scene_01/kf029401-the-fellowship.wav
  artifactKey: Guid(ce8a57bfba8ad9344b2488ff6e94a986) Importer(815301076,1909f56bfc062723c751e8b465ee728b)
Start importing Assets/Sounds My/Effects/your-new-project-2022-05-05t19-24-26-985394z/your-new-project-2022-05-06t09-03-58-097448z/music/Music_Scene_01/kf029401-the-fellowship.wav using Guid(ce8a57bfba8ad9344b2488ff6e94a986) Importer(815301076,1909f56bfc062723c751e8b465ee728b)  -> (artifact id: 'e3c147d0bd5f3fdfd2f1b4c7e03d55a6') in 0.053336 seconds 
========================================================================
Received Import Request.
  Time since last request: 65.569542 seconds.
  path: Assets/World/_TerrainAutoUpgrade/layer_sandNormalMap3d3aba195e4d26ee.terrainlayer
  artifactKey: Guid(dfaa880f274580e4f908198c4cded185) Importer(815301076,1909f56bfc062723c751e8b465ee728b)
Start importing Assets/World/_TerrainAutoUpgrade/layer_sandNormalMap3d3aba195e4d26ee.terrainlayer using Guid(dfaa880f274580e4f908198c4cded185) Importer(815301076,1909f56bfc062723c751e8b465ee728b)  -> (artifact id: '4d9b108fa83393c32e7c2d8b9097c5e9') in 0.032668 seconds 
========================================================================
Received Import Request.
  Time since last request: 28.251991 seconds.
  path: Assets/World/SimpleNaturePack/Prefabs/Bush_01.prefab
  artifactKey: Guid(3cdafb3c2f54d434894928d72d282874) Importer(815301076,1909f56bfc062723c751e8b465ee728b)
Start importing Assets/World/SimpleNaturePack/Prefabs/Bush_01.prefab using Guid(3cdafb3c2f54d434894928d72d282874) Importer(815301076,1909f56bfc062723c751e8b465ee728b)  -> (artifact id: '100fe7c7a5a2eaaca9cf626e00b3ecdc') in 0.049330 seconds 
========================================================================
Received Import Request.
  Time since last request: 0.000017 seconds.
  path: Assets/World/SimpleNaturePack/Prefabs/Tree_04.prefab
  artifactKey: Guid(f0c16f0ea935ea64297ca1d4d55d9746) Importer(815301076,1909f56bfc062723c751e8b465ee728b)
Start importing Assets/World/SimpleNaturePack/Prefabs/Tree_04.prefab using Guid(f0c16f0ea935ea64297ca1d4d55d9746) Importer(815301076,1909f56bfc062723c751e8b465ee728b)  -> (artifact id: 'e4a28be3d19f525ae1e325cf163c812f') in 0.025847 seconds 
========================================================================
Received Import Request.
  Time since last request: 0.000014 seconds.
  path: Assets/World/SimpleNaturePack/Prefabs/Mushroom_01.prefab
  artifactKey: Guid(ff62b58c5a9ea164fa8ddf8038e10cd1) Importer(815301076,1909f56bfc062723c751e8b465ee728b)
Start importing Assets/World/SimpleNaturePack/Prefabs/Mushroom_01.prefab using Guid(ff62b58c5a9ea164fa8ddf8038e10cd1) Importer(815301076,1909f56bfc062723c751e8b465ee728b)  -> (artifact id: 'e87327f69912a6cc862f9faab395a850') in 0.016848 seconds 
========================================================================
Received Import Request.
  Time since last request: 0.000023 seconds.
  path: Assets/World/SimpleNaturePack/Prefabs/Bush_03.prefab
  artifactKey: Guid(34d3f526198dae440bb2ce6005d86055) Importer(815301076,1909f56bfc062723c751e8b465ee728b)
Start importing Assets/World/SimpleNaturePack/Prefabs/Bush_03.prefab using Guid(34d3f526198dae440bb2ce6005d86055) Importer(815301076,1909f56bfc062723c751e8b465ee728b)  -> (artifact id: 'bb59b7bd4975d631c4dff83b7fd69e6f') in 0.033136 seconds 
========================================================================
Received Import Request.
  Time since last request: 0.000023 seconds.
  path: Assets/World/SimpleNaturePack/Prefabs/Grass_02.prefab
  artifactKey: Guid(ffbddc4ef9676cc419e81e06aaa836d8) Importer(815301076,1909f56bfc062723c751e8b465ee728b)
Start importing Assets/World/SimpleNaturePack/Prefabs/Grass_02.prefab using Guid(ffbddc4ef9676cc419e81e06aaa836d8) Importer(815301076,1909f56bfc062723c751e8b465ee728b)  -> (artifact id: 'e6f786903b1ab73b341572fe241b9d70') in 0.028202 seconds 
========================================================================
Received Import Request.
  Time since last request: 0.000025 seconds.
  path: Assets/World/SimpleNaturePack/Prefabs/Rock_05.prefab
  artifactKey: Guid(a778b631c6253a04899cb31bad047c81) Importer(815301076,1909f56bfc062723c751e8b465ee728b)
Start importing Assets/World/SimpleNaturePack/Prefabs/Rock_05.prefab using Guid(a778b631c6253a04899cb31bad047c81) Importer(815301076,1909f56bfc062723c751e8b465ee728b)  -> (artifact id: '19ae6aa76462c1dc3b7fbdfd648f3d89') in 0.024179 seconds 
========================================================================
Received Import Request.
  Time since last request: 0.000026 seconds.
  path: Assets/World/SimpleNaturePack/Prefabs/Grass_01.prefab
  artifactKey: Guid(f1fc5bb90ac285e4486771552d63bcb8) Importer(815301076,1909f56bfc062723c751e8b465ee728b)
Start importing Assets/World/SimpleNaturePack/Prefabs/Grass_01.prefab using Guid(f1fc5bb90ac285e4486771552d63bcb8) Importer(815301076,1909f56bfc062723c751e8b465ee728b)  -> (artifact id: '35f4aacbb379d27e167f4c153c9cfbf0') in 0.015249 seconds 
========================================================================
Received Import Request.
  Time since last request: 0.000020 seconds.
  path: Assets/World/SimpleNaturePack/Prefabs/Ground_01.prefab
  artifactKey: Guid(ebee340de387f334f9ac44e044abd8fb) Importer(815301076,1909f56bfc062723c751e8b465ee728b)
Start importing Assets/World/SimpleNaturePack/Prefabs/Ground_01.prefab using Guid(ebee340de387f334f9ac44e044abd8fb) Importer(815301076,1909f56bfc062723c751e8b465ee728b)  -> (artifact id: '3108e23f5e94eb660f536fea7eb1d4c2') in 0.022264 seconds 
========================================================================
Received Import Request.
  Time since last request: 0.000022 seconds.
  path: Assets/World/SimpleNaturePack/Prefabs/Ground_03.prefab
  artifactKey: Guid(3f9b178ccd3b86f4ebbfc1f5a2815e56) Importer(815301076,1909f56bfc062723c751e8b465ee728b)
Start importing Assets/World/SimpleNaturePack/Prefabs/Ground_03.prefab using Guid(3f9b178ccd3b86f4ebbfc1f5a2815e56) Importer(815301076,1909f56bfc062723c751e8b465ee728b)  -> (artifact id: 'a3271a81334546b8c664721c00877945') in 0.028887 seconds 
========================================================================
Received Import Request.
  Time since last request: 0.000025 seconds.
  path: Assets/World/SimpleNaturePack/Prefabs/Stump_01.prefab
  artifactKey: Guid(eebb56c82efbd8d4bb0eb6bd925a0e9d) Importer(815301076,1909f56bfc062723c751e8b465ee728b)
Start importing Assets/World/SimpleNaturePack/Prefabs/Stump_01.prefab using Guid(eebb56c82efbd8d4bb0eb6bd925a0e9d) Importer(815301076,1909f56bfc062723c751e8b465ee728b)  -> (artifact id: '526289b4f68d474b389e589e7d524993') in 0.014755 seconds 
========================================================================
Received Import Request.
  Time since last request: 0.000018 seconds.
  path: Assets/World/SimpleNaturePack/Prefabs/Tree_05.prefab
  artifactKey: Guid(60f79905accf3b24fa0114b941f1aac0) Importer(815301076,1909f56bfc062723c751e8b465ee728b)
Start importing Assets/World/SimpleNaturePack/Prefabs/Tree_05.prefab using Guid(60f79905accf3b24fa0114b941f1aac0) Importer(815301076,1909f56bfc062723c751e8b465ee728b)  -> (artifact id: '827b792cd96ff420b40ca655f4c873e1') in 0.015916 seconds 
========================================================================
Received Import Request.
  Time since last request: 0.000036 seconds.
  path: Assets/World/SimpleNaturePack/Prefabs/Flowers_02.prefab
  artifactKey: Guid(299e7a1cb6456cf4fa6079cf5978df9b) Importer(815301076,1909f56bfc062723c751e8b465ee728b)
Start importing Assets/World/SimpleNaturePack/Prefabs/Flowers_02.prefab using Guid(299e7a1cb6456cf4fa6079cf5978df9b) Importer(815301076,1909f56bfc062723c751e8b465ee728b)  -> (artifact id: 'f8768c485a4cf64f0677854cecf38e7f') in 0.014388 seconds 
========================================================================
Received Import Request.
  Time since last request: 4.005729 seconds.
  path: Assets/World/SimpleNaturePack/Models/Bush_01.fbx
  artifactKey: Guid(d8ea93d2d4757e444a5349f4bc849128) Importer(815301076,1909f56bfc062723c751e8b465ee728b)
Start importing Assets/World/SimpleNaturePack/Models/Bush_01.fbx using Guid(d8ea93d2d4757e444a5349f4bc849128) Importer(815301076,1909f56bfc062723c751e8b465ee728b)  -> (artifact id: 'f36b063930d65729b8ea3ffcfd5379da') in 0.041843 seconds 
========================================================================
Received Import Request.
  Time since last request: 0.000019 seconds.
  path: Assets/World/SimpleNaturePack/Models/Bush_03.fbx
  artifactKey: Guid(7b5a098d913a3c74692a2a9963dbd3ba) Importer(815301076,1909f56bfc062723c751e8b465ee728b)
Start importing Assets/World/SimpleNaturePack/Models/Bush_03.fbx using Guid(7b5a098d913a3c74692a2a9963dbd3ba) Importer(815301076,1909f56bfc062723c751e8b465ee728b)  -> (artifact id: '6f8ad950020c1cae2d067921cb4e4c82') in 0.020688 seconds 
========================================================================
Received Import Request.
  Time since last request: 0.000019 seconds.
  path: Assets/World/SimpleNaturePack/Models/Tree_05.fbx
  artifactKey: Guid(603970f97e50c56488ec3c5a6febd940) Importer(815301076,1909f56bfc062723c751e8b465ee728b)
Start importing Assets/World/SimpleNaturePack/Models/Tree_05.fbx using Guid(603970f97e50c56488ec3c5a6febd940) Importer(815301076,1909f56bfc062723c751e8b465ee728b)  -> (artifact id: '95c778ac2b4e242b8b5d7e064edc43f6') in 0.019414 seconds 
========================================================================
Received Import Request.
  Time since last request: 0.000028 seconds.
  path: Assets/World/SimpleNaturePack/Models/Stump_01.fbx
  artifactKey: Guid(768be665aba8b4e4aae7a973ae9616cf) Importer(815301076,1909f56bfc062723c751e8b465ee728b)
Start importing Assets/World/SimpleNaturePack/Models/Stump_01.fbx using Guid(768be665aba8b4e4aae7a973ae9616cf) Importer(815301076,1909f56bfc062723c751e8b465ee728b)  -> (artifact id: '44b1dc4509425fa7bce8236a4004430e') in 0.018136 seconds 
========================================================================
Received Import Request.
  Time since last request: 0.000048 seconds.
  path: Assets/World/SimpleNaturePack/Models/Bush_02.fbx
  artifactKey: Guid(ba52853a69186a841a52a9cc2e9b77fa) Importer(815301076,1909f56bfc062723c751e8b465ee728b)
Start importing Assets/World/SimpleNaturePack/Models/Bush_02.fbx using Guid(ba52853a69186a841a52a9cc2e9b77fa) Importer(815301076,1909f56bfc062723c751e8b465ee728b)  -> (artifact id: 'b5bdae8d005bc8cccb5b27c85f355f6c') in 0.018676 seconds 
========================================================================
Received Import Request.
  Time since last request: 0.000017 seconds.
  path: Assets/World/SimpleNaturePack/Models/Grass_01.fbx
  artifactKey: Guid(ad3119cbd6dce024e8460ef32dec49df) Importer(815301076,1909f56bfc062723c751e8b465ee728b)
Start importing Assets/World/SimpleNaturePack/Models/Grass_01.fbx using Guid(ad3119cbd6dce024e8460ef32dec49df) Importer(815301076,1909f56bfc062723c751e8b465ee728b)  -> (artifact id: 'a71090cbb6721424cb7b1fd264110162') in 0.018773 seconds 
========================================================================
Received Import Request.
  Time since last request: 0.000019 seconds.
  path: Assets/World/SimpleNaturePack/Models/Mushroom_01.fbx
  artifactKey: Guid(d062f5c56ffb55c4f832432ada269abe) Importer(815301076,1909f56bfc062723c751e8b465ee728b)
Start importing Assets/World/SimpleNaturePack/Models/Mushroom_01.fbx using Guid(d062f5c56ffb55c4f832432ada269abe) Importer(815301076,1909f56bfc062723c751e8b465ee728b)  -> (artifact id: 'f88686de3f695ecf3c62d62892ce676d') in 0.020212 seconds 
========================================================================
Received Import Request.
  Time since last request: 0.000014 seconds.
  path: Assets/World/SimpleNaturePack/Models/Tree_02.fbx
  artifactKey: Guid(4471b1f7f824e4d44887e1364c6fc61a) Importer(815301076,1909f56bfc062723c751e8b465ee728b)
Start importing Assets/World/SimpleNaturePack/Models/Tree_02.fbx using Guid(4471b1f7f824e4d44887e1364c6fc61a) Importer(815301076,1909f56bfc062723c751e8b465ee728b)  -> (artifact id: 'c8caa2c64b8131b1dd65b5b1eb849842') in 0.020154 seconds 
========================================================================
Received Import Request.
  Time since last request: 0.000022 seconds.
  path: Assets/World/SimpleNaturePack/Models/Ground_02.fbx
  artifactKey: Guid(57d3eed6d2253d24994d5ad37e00aedc) Importer(815301076,1909f56bfc062723c751e8b465ee728b)
Start importing Assets/World/SimpleNaturePack/Models/Ground_02.fbx using Guid(57d3eed6d2253d24994d5ad37e00aedc) Importer(815301076,1909f56bfc062723c751e8b465ee728b)  -> (artifact id: '268830872926c2819297b6a274cc837c') in 0.020426 seconds 
========================================================================
Received Import Request.
  Time since last request: 0.000016 seconds.
  path: Assets/World/SimpleNaturePack/Models/Rock_04.fbx
  artifactKey: Guid(33ebf3440b12ec245bd008cd464f8d9a) Importer(815301076,1909f56bfc062723c751e8b465ee728b)
Start importing Assets/World/SimpleNaturePack/Models/Rock_04.fbx using Guid(33ebf3440b12ec245bd008cd464f8d9a) Importer(815301076,1909f56bfc062723c751e8b465ee728b)  -> (artifact id: '63d40d3c96d4491d61051aa9c545d1ea') in 0.018851 seconds 
========================================================================
Received Import Request.
  Time since last request: 0.000020 seconds.
  path: Assets/World/SimpleNaturePack/Models/Mushroom_02.fbx
  artifactKey: Guid(6c890c97a154a474082af84a379dffce) Importer(815301076,1909f56bfc062723c751e8b465ee728b)
Start importing Assets/World/SimpleNaturePack/Models/Mushroom_02.fbx using Guid(6c890c97a154a474082af84a379dffce) Importer(815301076,1909f56bfc062723c751e8b465ee728b)  -> (artifact id: 'c156fab4dfc702df9dfe8e5c5a57750f') in 0.023714 seconds 
========================================================================
Received Import Request.
  Time since last request: 0.000028 seconds.
  path: Assets/World/SimpleNaturePack/Models/Ground_01.fbx
  artifactKey: Guid(d4ad967689295ba4eaf8baeaebc8721b) Importer(815301076,1909f56bfc062723c751e8b465ee728b)
Start importing Assets/World/SimpleNaturePack/Models/Ground_01.fbx using Guid(d4ad967689295ba4eaf8baeaebc8721b) Importer(815301076,1909f56bfc062723c751e8b465ee728b)  -> (artifact id: '8114f96584d74c0d188c018aa3957d3e') in 0.019351 seconds 
========================================================================
Received Import Request.
  Time since last request: 8.907388 seconds.
  path: Assets/Aura 2/Default Aura Quality Settings.asset
  artifactKey: Guid(35526f50b649d494d878c1d32fa6e27e) Importer(815301076,1909f56bfc062723c751e8b465ee728b)
Start importing Assets/Aura 2/Default Aura Quality Settings.asset using Guid(35526f50b649d494d878c1d32fa6e27e) Importer(815301076,1909f56bfc062723c751e8b465ee728b)  -> (artifact id: '24a08c3cd81fbeb18a49ca887c57ca76') in 0.005919 seconds 
