Using pre-set license
Built from '2021.2/staging' branch; Version is '2021.2.16f1 (559fc0ec6670) revision 5611456'; Using compiler version '192829333'; Build Type 'Release'
OS: 'Windows 11  (10.0.22000) 64bit Core' Language: 'de' Physical Memory: 16173 MB
BatchMode: 1, IsHumanControllingUs: 0, StartBugReporterOnCrash: 0, Is64bit: 1, IsPro: 1

COMMAND LINE ARGUMENTS:
C:\Program Files\Unity\Hub\Editor\2021.2.16f1\Editor\Unity.exe
-adb2
-batchMode
-noUpm
-name
AssetImportWorker0
-projectPath
C:/Users/Skill/JuLeV001
-logFile
Logs/AssetImportWorker0.log
-srvPort
57852
Successfully changed project path to: C:/Users/Skill/JuLeV001
C:/Users/Skill/JuLeV001
[UnityMemory] Configuration Parameters - Can be set up in boot.config
    "memorysetup-bucket-allocator-granularity=16"
    "memorysetup-bucket-allocator-bucket-count=8"
    "memorysetup-bucket-allocator-block-size=33554432"
    "memorysetup-bucket-allocator-block-count=8"
    "memorysetup-main-allocator-block-size=16777216"
    "memorysetup-thread-allocator-block-size=16777216"
    "memorysetup-gfx-main-allocator-block-size=16777216"
    "memorysetup-gfx-thread-allocator-block-size=16777216"
    "memorysetup-cache-allocator-block-size=4194304"
    "memorysetup-typetree-allocator-block-size=2097152"
    "memorysetup-profiler-bucket-allocator-granularity=16"
    "memorysetup-profiler-bucket-allocator-bucket-count=8"
    "memorysetup-profiler-bucket-allocator-block-size=33554432"
    "memorysetup-profiler-bucket-allocator-block-count=8"
    "memorysetup-profiler-allocator-block-size=16777216"
    "memorysetup-profiler-editor-allocator-block-size=1048576"
    "memorysetup-temp-allocator-size-main=16777216"
    "memorysetup-job-temp-allocator-block-size=2097152"
    "memorysetup-job-temp-allocator-block-size-background=1048576"
    "memorysetup-job-temp-allocator-reduction-small-platforms=262144"
    "memorysetup-temp-allocator-size-background-worker=32768"
    "memorysetup-temp-allocator-size-job-worker=262144"
    "memorysetup-temp-allocator-size-preload-manager=33554432"
    "memorysetup-temp-allocator-size-nav-mesh-worker=65536"
    "memorysetup-temp-allocator-size-audio-worker=65536"
    "memorysetup-temp-allocator-size-cloud-worker=32768"
    "memorysetup-temp-allocator-size-gi-baking-worker=262144"
    "memorysetup-temp-allocator-size-gfx=262144"
Refreshing native plugins compatible for Editor in 202.94 ms, found 3 plugins.
Preloading 0 native plugins for Editor in 0.00 ms.
Initialize engine version: 2021.2.16f1 (559fc0ec6670)
[Subsystems] Discovering subsystems at path C:/Program Files/Unity/Hub/Editor/2021.2.16f1/Editor/Data/Resources/UnitySubsystems
[Subsystems] Discovering subsystems at path C:/Users/Skill/JuLeV001/Assets
GfxDevice: creating device client; threaded=0; jobified=0
Direct3D:
    Version:  Direct3D 11.0 [level 11.1]
    Renderer: NVIDIA GeForce GTX 1650 (ID=0x1f99)
    Vendor:   NVIDIA
    VRAM:     3962 MB
    Driver:   30.0.14.9613
Initialize mono
Mono path[0] = 'C:/Program Files/Unity/Hub/Editor/2021.2.16f1/Editor/Data/Managed'
Mono path[1] = 'C:/Program Files/Unity/Hub/Editor/2021.2.16f1/Editor/Data/MonoBleedingEdge/lib/mono/unityjit-win32'
Mono config path = 'C:/Program Files/Unity/Hub/Editor/2021.2.16f1/Editor/Data/MonoBleedingEdge/etc'
Using monoOptions --debugger-agent=transport=dt_socket,embedding=1,server=y,suspend=n,address=127.0.0.1:56964
Begin MonoManager ReloadAssembly
Registering precompiled unity dll's ...
Register platform support module: C:/Program Files/Unity/Hub/Editor/2021.2.16f1/Editor/Data/PlaybackEngines/WebGLSupport/UnityEditor.WebGL.Extensions.dll
Register platform support module: C:/Program Files/Unity/Hub/Editor/2021.2.16f1/Editor/Data/PlaybackEngines/MacStandaloneSupport/UnityEditor.OSXStandalone.Extensions.dll
Register platform support module: C:/Program Files/Unity/Hub/Editor/2021.2.16f1/Editor/Data/PlaybackEngines/AndroidPlayer/UnityEditor.Android.Extensions.dll
Register platform support module: C:/Program Files/Unity/Hub/Editor/2021.2.16f1/Editor/Data/PlaybackEngines/iOSSupport/UnityEditor.iOS.Extensions.dll
Register platform support module: C:/Program Files/Unity/Hub/Editor/2021.2.16f1/Editor/Data/PlaybackEngines/WindowsStandaloneSupport/UnityEditor.WindowsStandalone.Extensions.dll
Register platform support module: C:/Program Files/Unity/Hub/Editor/2021.2.16f1/Editor/Data/PlaybackEngines/LinuxStandaloneSupport/UnityEditor.LinuxStandalone.Extensions.dll
Register platform support module: C:/Program Files/Unity/Hub/Editor/2021.2.16f1/Editor/Data/PlaybackEngines/MetroSupport/UnityEditor.UWP.Extensions.dll
Registered in 0.040900 seconds.
Native extension for UWP target not found
Native extension for LinuxStandalone target not found
Native extension for WindowsStandalone target not found
[usbmuxd] Start listen thread
[usbmuxd] Listen thread started
Native extension for iOS target not found
Native extension for Android target not found
Native extension for OSXStandalone target not found
Native extension for WebGL target not found
Refreshing native plugins compatible for Editor in 214.66 ms, found 3 plugins.
Preloading 0 native plugins for Editor in 0.00 ms.
Mono: successfully reloaded assembly
- Completed reload, in  1.313 seconds
Domain Reload Profiling:
	ReloadAssembly (1314ms)
		BeginReloadAssembly (344ms)
			ExecutionOrderSort (0ms)
			DisableScriptedObjects (0ms)
			BackupInstance (0ms)
			ReleaseScriptingObjects (0ms)
			CreateAndSetChildDomain (1ms)
		EndReloadAssembly (794ms)
			LoadAssemblies (351ms)
			RebuildTransferFunctionScriptingTraits (0ms)
			SetupTypeCache (175ms)
			ReleaseScriptCaches (0ms)
			RebuildScriptCaches (35ms)
			SetupLoadedEditorAssemblies (510ms)
				LogAssemblyErrors (0ms)
				InitializePlatformSupportModulesInManaged (102ms)
				SetLoadedEditorAssemblies (0ms)
				RefreshPlugins (215ms)
				BeforeProcessingInitializeOnLoad (2ms)
				ProcessInitializeOnLoadAttributes (128ms)
				ProcessInitializeOnLoadMethodAttributes (64ms)
				AfterProcessingInitializeOnLoad (0ms)
				EditorAssembliesLoaded (0ms)
			ExecutionOrderSort2 (0ms)
			AwakeInstancesAfterBackupRestoration (0ms)
Platform modules already initialized, skipping
Registering precompiled user dll's ...
Registered in 0.009508 seconds.
Android Extension - Scanning For ADB Devices 5047 ms
Begin MonoManager ReloadAssembly
Symbol file LoadedFromMemory doesn't match image C:\Users\Skill\JuLeV001\Library\PackageCache\com.unity.visualscripting@1.7.6\Editor\VisualScripting.Core\Dependencies\YamlDotNet\Unity.VisualScripting.YamlDotNet.dll
Symbol file LoadedFromMemory doesn't match image C:\Users\Skill\JuLeV001\Library\PackageCache\com.unity.visualscripting@1.7.6\Editor\VisualScripting.Core\Dependencies\DotNetZip\Unity.VisualScripting.IonicZip.dll
Native extension for UWP target not found
Native extension for LinuxStandalone target not found
Native extension for WindowsStandalone target not found
Native extension for iOS target not found
Native extension for Android target not found
Native extension for OSXStandalone target not found
Native extension for WebGL target not found
Refreshing native plugins compatible for Editor in 256.25 ms, found 3 plugins.
Preloading 0 native plugins for Editor in 0.00 ms.
Mono: successfully reloaded assembly
- Completed reload, in  4.381 seconds
Domain Reload Profiling:
	ReloadAssembly (4382ms)
		BeginReloadAssembly (146ms)
			ExecutionOrderSort (0ms)
			DisableScriptedObjects (7ms)
			BackupInstance (0ms)
			ReleaseScriptingObjects (0ms)
			CreateAndSetChildDomain (24ms)
		EndReloadAssembly (4066ms)
			LoadAssemblies (1433ms)
			RebuildTransferFunctionScriptingTraits (0ms)
			SetupTypeCache (392ms)
			ReleaseScriptCaches (1ms)
			RebuildScriptCaches (99ms)
			SetupLoadedEditorAssemblies (2062ms)
				LogAssemblyErrors (0ms)
				InitializePlatformSupportModulesInManaged (38ms)
				SetLoadedEditorAssemblies (0ms)
				RefreshPlugins (256ms)
				BeforeProcessingInitializeOnLoad (176ms)
				ProcessInitializeOnLoadAttributes (1472ms)
				ProcessInitializeOnLoadMethodAttributes (111ms)
				AfterProcessingInitializeOnLoad (7ms)
				EditorAssembliesLoaded (0ms)
			ExecutionOrderSort2 (0ms)
			AwakeInstancesAfterBackupRestoration (9ms)
Platform modules already initialized, skipping
========================================================================
Worker process is ready to serve import requests
Launched and connected shader compiler UnityShaderCompiler.exe after 0.12 seconds
Refreshing native plugins compatible for Editor in 1.36 ms, found 3 plugins.
Preloading 0 native plugins for Editor in 0.00 ms.
Unloading 5080 Unused Serialized files (Serialized files now loaded: 0)
Unloading 47 unused Assets / (3.4 MB). Loaded Objects now: 5555.
Memory consumption went from 219.7 MB to 216.3 MB.
Total: 4.713600 ms (FindLiveObjects: 0.410800 ms CreateObjectMapping: 0.432800 ms MarkObjects: 2.969300 ms  DeleteObjects: 0.899900 ms)

AssetImportParameters requested are different than current active one (requested -> active):
  custom:video-decoder-ogg-theora: a1e56fd34408186e4bbccfd4996cb3dc -> 
  custom:container-muxer-webm: aa71ff27fc2769a1b78a27578f13a17b -> 
  custom:container-demuxer-webm: 4f35f7cbe854078d1ac9338744f61a02 -> 
  custom:video-encoder-webm-vp8: eb34c28f22e8b96e1ab97ce403110664 -> 
  custom:audio-encoder-webm-vorbis: bf7c407c2cedff20999df2af8eb42d56 -> 
  custom:framework-win-MediaFoundation: 216162199b28c13a410421893ffa2e32 -> 
  custom:container-demuxer-ogg: 62fdf1f143b41e24485cea50d1cbac27 -> 
  custom:video-decoder-webm-vp8: 9c59270c3fd7afecdb556c50c9e8de78 -> 
  custom:audio-decoder-ogg-vorbis: bf7c407c2cedff20999df2af8eb42d56 -> 
========================================================================
Received Import Request.
  Time since last request: 2676239.306253 seconds.
  path: Assets/Sounds My/Nature.mp3
  artifactKey: Guid(dd4373eeaf1cef74f9616e7f1c906248) Importer(815301076,1909f56bfc062723c751e8b465ee728b)
Start importing Assets/Sounds My/Nature.mp3 using Guid(dd4373eeaf1cef74f9616e7f1c906248) Importer(815301076,1909f56bfc062723c751e8b465ee728b)  -> (artifact id: 'd729710e0b59c65474b721bce357e61a') in 0.245570 seconds 
========================================================================
Received Import Request.
  Time since last request: 0.000022 seconds.
  path: Assets/Sounds My/Tut4.mp3
  artifactKey: Guid(69fe8f976fb8ff644ada50630b47c003) Importer(815301076,1909f56bfc062723c751e8b465ee728b)
Start importing Assets/Sounds My/Tut4.mp3 using Guid(69fe8f976fb8ff644ada50630b47c003) Importer(815301076,1909f56bfc062723c751e8b465ee728b)  -> (artifact id: '68f3633382e3503151fc016ee936e27f') in 0.030501 seconds 
========================================================================
Received Import Request.
  Time since last request: 0.000028 seconds.
  path: Assets/Sounds My/Tavern2Dia.mp3
  artifactKey: Guid(6234f05d7a7ea0048a47a5b58d6b8ee4) Importer(815301076,1909f56bfc062723c751e8b465ee728b)
Start importing Assets/Sounds My/Tavern2Dia.mp3 using Guid(6234f05d7a7ea0048a47a5b58d6b8ee4) Importer(815301076,1909f56bfc062723c751e8b465ee728b)  -> (artifact id: '407483cd1a86debb4f3b8cc43ea01383') in 0.034939 seconds 
========================================================================
Received Import Request.
  Time since last request: 0.000022 seconds.
  path: Assets/Sounds My/Stromläuft1.mp3
  artifactKey: Guid(364f75dcb72d6024585ac4df49a28210) Importer(815301076,1909f56bfc062723c751e8b465ee728b)
Start importing Assets/Sounds My/Stromläuft1.mp3 using Guid(364f75dcb72d6024585ac4df49a28210) Importer(815301076,1909f56bfc062723c751e8b465ee728b)  -> (artifact id: '5d3c8e9d5b4dbe090525516765f466d9') in 0.016881 seconds 
========================================================================
Received Import Request.
  Time since last request: 0.000027 seconds.
  path: Assets/Sounds My/HeySaftsack2.mp3
  artifactKey: Guid(226f2475273e6114a8961ebca66a8cca) Importer(815301076,1909f56bfc062723c751e8b465ee728b)
Start importing Assets/Sounds My/HeySaftsack2.mp3 using Guid(226f2475273e6114a8961ebca66a8cca) Importer(815301076,1909f56bfc062723c751e8b465ee728b)  -> (artifact id: '7cf93902bbbde23be3f6b474450fc326') in 0.035074 seconds 
========================================================================
Received Import Request.
  Time since last request: 0.000023 seconds.
  path: Assets/Sounds My/Eats.mp3
  artifactKey: Guid(fbeef6dbdebc6a940ba12d876f41b655) Importer(815301076,1909f56bfc062723c751e8b465ee728b)
Start importing Assets/Sounds My/Eats.mp3 using Guid(fbeef6dbdebc6a940ba12d876f41b655) Importer(815301076,1909f56bfc062723c751e8b465ee728b)  -> (artifact id: '19d0c289a444441e641c11fd111c750c') in 0.019862 seconds 
========================================================================
Received Import Request.
  Time since last request: 0.000026 seconds.
  path: Assets/Sounds My/X2Download.com - D&D Ambience - Town Square Daytime (320 kbps).mp3
  artifactKey: Guid(cacfbcf86b5a9a94c8109a5d36afef10) Importer(815301076,1909f56bfc062723c751e8b465ee728b)
Start importing Assets/Sounds My/X2Download.com - D&D Ambience - Town Square Daytime (320 kbps).mp3 using Guid(cacfbcf86b5a9a94c8109a5d36afef10) Importer(815301076,1909f56bfc062723c751e8b465ee728b)  -> (artifact id: '9fa7a251fce9579e08e05c2676f045ad') in 0.023521 seconds 
========================================================================
Received Import Request.
  Time since last request: 0.000040 seconds.
  path: Assets/Sounds My/Stromläuft2.mp3
  artifactKey: Guid(fd6763088058a01448eca255d5c4f347) Importer(815301076,1909f56bfc062723c751e8b465ee728b)
Start importing Assets/Sounds My/Stromläuft2.mp3 using Guid(fd6763088058a01448eca255d5c4f347) Importer(815301076,1909f56bfc062723c751e8b465ee728b)  -> (artifact id: '181f60287c282357a4857981fa88eec6') in 0.013693 seconds 
========================================================================
Received Import Request.
  Time since last request: 0.000023 seconds.
  path: Assets/Sounds My/Gehen.mp3
  artifactKey: Guid(26b7c1d3466974e48b9311c8530f4c70) Importer(815301076,1909f56bfc062723c751e8b465ee728b)
Start importing Assets/Sounds My/Gehen.mp3 using Guid(26b7c1d3466974e48b9311c8530f4c70) Importer(815301076,1909f56bfc062723c751e8b465ee728b)  -> (artifact id: '39d2554b59d8a7ca3363bfe3e040c302') in 0.015847 seconds 
========================================================================
Received Import Request.
  Time since last request: 0.000021 seconds.
  path: Assets/Sounds My/Axe.mp3
  artifactKey: Guid(054402564723f204899efec902d1d512) Importer(815301076,1909f56bfc062723c751e8b465ee728b)
Start importing Assets/Sounds My/Axe.mp3 using Guid(054402564723f204899efec902d1d512) Importer(815301076,1909f56bfc062723c751e8b465ee728b)  -> (artifact id: 'ad5b2eefea451889871f78ba714dc6d9') in 0.017488 seconds 
========================================================================
Received Import Request.
  Time since last request: 0.000029 seconds.
  path: Assets/Sounds My/MannHämmermal.mp3
  artifactKey: Guid(585927347d3b5ff459530a20345478e3) Importer(815301076,1909f56bfc062723c751e8b465ee728b)
Start importing Assets/Sounds My/MannHämmermal.mp3 using Guid(585927347d3b5ff459530a20345478e3) Importer(815301076,1909f56bfc062723c751e8b465ee728b)  -> (artifact id: '8bbd280b1fefc3f969771f344da18f07') in 0.014202 seconds 
========================================================================
Received Import Request.
  Time since last request: 0.000023 seconds.
  path: Assets/Sounds My/Jump.mp3
  artifactKey: Guid(6631354aaf37ce346a2f1de1f3cf789c) Importer(815301076,1909f56bfc062723c751e8b465ee728b)
Start importing Assets/Sounds My/Jump.mp3 using Guid(6631354aaf37ce346a2f1de1f3cf789c) Importer(815301076,1909f56bfc062723c751e8b465ee728b)  -> (artifact id: '0eda5d51872ce995a7b9a75c5c35c46c') in 0.011075 seconds 
========================================================================
Received Import Request.
  Time since last request: 0.000034 seconds.
  path: Assets/Sounds My/HeySaftsack5.mp3
  artifactKey: Guid(a26a70a40b8babe47a09d2eb2078c370) Importer(815301076,1909f56bfc062723c751e8b465ee728b)
Start importing Assets/Sounds My/HeySaftsack5.mp3 using Guid(a26a70a40b8babe47a09d2eb2078c370) Importer(815301076,1909f56bfc062723c751e8b465ee728b)  -> (artifact id: '27ffaf6fd9d620e029bb9567f2371fdc') in 0.026275 seconds 
========================================================================
Received Import Request.
  Time since last request: 0.000033 seconds.
  path: Assets/Sounds My/Kindneu2.mp3
  artifactKey: Guid(1529a3f9b005fd543b04f720ab3ff587) Importer(815301076,1909f56bfc062723c751e8b465ee728b)
Start importing Assets/Sounds My/Kindneu2.mp3 using Guid(1529a3f9b005fd543b04f720ab3ff587) Importer(815301076,1909f56bfc062723c751e8b465ee728b)  -> (artifact id: 'df926ad2a317e1493af3bafd36e24a55') in 0.011080 seconds 
========================================================================
Received Import Request.
  Time since last request: 0.000037 seconds.
  path: Assets/Sounds My/WalkStep1.mp3
  artifactKey: Guid(0c6e45295ff3aaf49ad009eec01f691e) Importer(815301076,1909f56bfc062723c751e8b465ee728b)
Start importing Assets/Sounds My/WalkStep1.mp3 using Guid(0c6e45295ff3aaf49ad009eec01f691e) Importer(815301076,1909f56bfc062723c751e8b465ee728b)  -> (artifact id: '7ed08420d9b31588b6ecd2665f08bff3') in 0.014209 seconds 
========================================================================
Received Import Request.
  Time since last request: 0.000021 seconds.
  path: Assets/Sounds My/Fuchs1.mp3
  artifactKey: Guid(fb55078967398434886966af3d1a331d) Importer(815301076,1909f56bfc062723c751e8b465ee728b)
Start importing Assets/Sounds My/Fuchs1.mp3 using Guid(fb55078967398434886966af3d1a331d) Importer(815301076,1909f56bfc062723c751e8b465ee728b)  -> (artifact id: '22e03edb2d8d4bd218b6d3da6d2608ce') in 0.016882 seconds 
========================================================================
Received Import Request.
  Time since last request: 0.000021 seconds.
  path: Assets/Sounds My/Fuchs2.mp3
  artifactKey: Guid(792891965c021a84289c11ddba417596) Importer(815301076,1909f56bfc062723c751e8b465ee728b)
Start importing Assets/Sounds My/Fuchs2.mp3 using Guid(792891965c021a84289c11ddba417596) Importer(815301076,1909f56bfc062723c751e8b465ee728b)  -> (artifact id: '826e4cbf1eea51d5bb7554c97302c49e') in 0.012362 seconds 
========================================================================
Received Import Request.
  Time since last request: 0.000022 seconds.
  path: Assets/Sounds My/X2Download.com - Car Engine Sound Effect (exterior) (320 kbps).mp3
  artifactKey: Guid(54a92f90fa3f4be45afd691429cf2023) Importer(815301076,1909f56bfc062723c751e8b465ee728b)
Start importing Assets/Sounds My/X2Download.com - Car Engine Sound Effect (exterior) (320 kbps).mp3 using Guid(54a92f90fa3f4be45afd691429cf2023) Importer(815301076,1909f56bfc062723c751e8b465ee728b)  -> (artifact id: 'b2f3a1e906f3cf4c6fc2292f7a45693d') in 0.013288 seconds 
========================================================================
Received Import Request.
  Time since last request: 0.000023 seconds.
  path: Assets/Sounds My/HeySchauan3.mp3
  artifactKey: Guid(110b8768509ac8c4b86681f6200ba78f) Importer(815301076,1909f56bfc062723c751e8b465ee728b)
Start importing Assets/Sounds My/HeySchauan3.mp3 using Guid(110b8768509ac8c4b86681f6200ba78f) Importer(815301076,1909f56bfc062723c751e8b465ee728b)  -> (artifact id: '0daff45e589957372689a99a1cf9d0a0') in 0.024480 seconds 
========================================================================
Received Import Request.
  Time since last request: 0.000029 seconds.
  path: Assets/Sounds My/RunStep2.mp3
  artifactKey: Guid(8ce9b2ed52e4e464aa1df3001d3e8ae2) Importer(815301076,1909f56bfc062723c751e8b465ee728b)
Start importing Assets/Sounds My/RunStep2.mp3 using Guid(8ce9b2ed52e4e464aa1df3001d3e8ae2) Importer(815301076,1909f56bfc062723c751e8b465ee728b)  -> (artifact id: '7b8166ddd16fe5727bf0b828f5fe66a0') in 0.012858 seconds 
========================================================================
Received Import Request.
  Time since last request: 0.000029 seconds.
  path: Assets/Sounds My/HeySaftsack3.mp3
  artifactKey: Guid(5508dcb8cef4c05448af7a429e260be6) Importer(815301076,1909f56bfc062723c751e8b465ee728b)
Start importing Assets/Sounds My/HeySaftsack3.mp3 using Guid(5508dcb8cef4c05448af7a429e260be6) Importer(815301076,1909f56bfc062723c751e8b465ee728b)  -> (artifact id: '2d4d4e09f0bc12f7307984588131b69d') in 0.012921 seconds 
========================================================================
Received Import Request.
  Time since last request: 0.000023 seconds.
  path: Assets/Sounds My/Josi.mp3
  artifactKey: Guid(1fd86c48dc896d142bbae7fb7bedaa04) Importer(815301076,1909f56bfc062723c751e8b465ee728b)
Start importing Assets/Sounds My/Josi.mp3 using Guid(1fd86c48dc896d142bbae7fb7bedaa04) Importer(815301076,1909f56bfc062723c751e8b465ee728b)  -> (artifact id: '6c479a42c3b0e49423f30bbd6dd6cb97') in 0.011038 seconds 
========================================================================
Received Import Request.
  Time since last request: 18.699943 seconds.
  path: Assets/Sounds My/music/Music_Scene_01/kf012512-better-than-you.wav
  artifactKey: Guid(4a225c85a2e1ce84dad19ed7b7604d41) Importer(815301076,1909f56bfc062723c751e8b465ee728b)
Start importing Assets/Sounds My/music/Music_Scene_01/kf012512-better-than-you.wav using Guid(4a225c85a2e1ce84dad19ed7b7604d41) Importer(815301076,1909f56bfc062723c751e8b465ee728b)  -> (artifact id: '33ab6076d474d76883faea7be145ccd8') in 0.045131 seconds 
========================================================================
Received Import Request.
  Time since last request: 0.000024 seconds.
  path: Assets/Sounds My/music/Music_Scene_01/kf018602-my-story-to-tell.wav
  artifactKey: Guid(3e19f69bc732b1a4a883dc2caaea47c9) Importer(815301076,1909f56bfc062723c751e8b465ee728b)
Start importing Assets/Sounds My/music/Music_Scene_01/kf018602-my-story-to-tell.wav using Guid(3e19f69bc732b1a4a883dc2caaea47c9) Importer(815301076,1909f56bfc062723c751e8b465ee728b)  -> (artifact id: 'dbd071c619b440d68e26b06060051b68') in 0.051280 seconds 
========================================================================
Received Import Request.
  Time since last request: 0.000025 seconds.
  path: Assets/Sounds My/music/Music_Scene_01/kf025505-the-mole.wav
  artifactKey: Guid(3e52e1c0d2417bc4792f0a7a2b0537b6) Importer(815301076,1909f56bfc062723c751e8b465ee728b)
Start importing Assets/Sounds My/music/Music_Scene_01/kf025505-the-mole.wav using Guid(3e52e1c0d2417bc4792f0a7a2b0537b6) Importer(815301076,1909f56bfc062723c751e8b465ee728b)  -> (artifact id: '8cbafea15e52d6966e0bae362de35b86') in 0.012225 seconds 
========================================================================
Received Import Request.
  Time since last request: 383.345889 seconds.
  path: Assets/Sounds My/Effects/animal-cow-mow-single-01.wav
  artifactKey: Guid(13092218cd603b24fbab757d068f6dce) Importer(815301076,1909f56bfc062723c751e8b465ee728b)
Start importing Assets/Sounds My/Effects/animal-cow-mow-single-01.wav using Guid(13092218cd603b24fbab757d068f6dce) Importer(815301076,1909f56bfc062723c751e8b465ee728b)  -> (artifact id: '836ddbc4ab8c17ec4f81c6d930aad3d6') in 0.038080 seconds 
========================================================================
Received Import Request.
  Time since last request: 0.000023 seconds.
  path: Assets/Sounds My/Effects/X2Download.com - Original Tetris theme (Tetris Soundtrack) (128 kbps).mp3
  artifactKey: Guid(951d4f090fdbffe459d64de53c37c998) Importer(815301076,1909f56bfc062723c751e8b465ee728b)
Start importing Assets/Sounds My/Effects/X2Download.com - Original Tetris theme (Tetris Soundtrack) (128 kbps).mp3 using Guid(951d4f090fdbffe459d64de53c37c998) Importer(815301076,1909f56bfc062723c751e8b465ee728b)  -> (artifact id: 'e0e7a8d030f0694752127871c4dde0d5') in 0.035730 seconds 
========================================================================
Received Import Request.
  Time since last request: 0.000021 seconds.
  path: Assets/Sounds My/Effects/ui-switch-light-switch-plastic-hard-01.wav
  artifactKey: Guid(9b2ea0b6ea177b946b066899b5eba3b4) Importer(815301076,1909f56bfc062723c751e8b465ee728b)
Start importing Assets/Sounds My/Effects/ui-switch-light-switch-plastic-hard-01.wav using Guid(9b2ea0b6ea177b946b066899b5eba3b4) Importer(815301076,1909f56bfc062723c751e8b465ee728b)  -> (artifact id: '997a2ba042eefb9737c7d40a3282ff5f') in 0.026065 seconds 
========================================================================
Received Import Request.
  Time since last request: 0.000066 seconds.
  path: Assets/Sounds My/Effects/human-mouth-burp-quiet-short-02.wav
  artifactKey: Guid(06f3d0becbc78d44f9b738d90ecfb26a) Importer(815301076,1909f56bfc062723c751e8b465ee728b)
Start importing Assets/Sounds My/Effects/human-mouth-burp-quiet-short-02.wav using Guid(06f3d0becbc78d44f9b738d90ecfb26a) Importer(815301076,1909f56bfc062723c751e8b465ee728b)  -> (artifact id: '4dc3aaafd69d23f2ef5bd23d69ab4790') in 0.011081 seconds 
========================================================================
Received Import Request.
  Time since last request: 0.000026 seconds.
  path: Assets/Sounds My/Effects/human-vocal-woman-sing-ethnic-01.wav
  artifactKey: Guid(f0a72171c5295d74d9f00f4403ee98b4) Importer(815301076,1909f56bfc062723c751e8b465ee728b)
Start importing Assets/Sounds My/Effects/human-vocal-woman-sing-ethnic-01.wav using Guid(f0a72171c5295d74d9f00f4403ee98b4) Importer(815301076,1909f56bfc062723c751e8b465ee728b)  -> (artifact id: '879d2f70fe1408871f08e9b012a2f268') in 0.010861 seconds 
========================================================================
Received Import Request.
  Time since last request: 0.000039 seconds.
  path: Assets/Sounds My/Effects/human-vocal-male-idle-whistle-03.wav
  artifactKey: Guid(20d835f4ceca2424db909402db5749ce) Importer(815301076,1909f56bfc062723c751e8b465ee728b)
Start importing Assets/Sounds My/Effects/human-vocal-male-idle-whistle-03.wav using Guid(20d835f4ceca2424db909402db5749ce) Importer(815301076,1909f56bfc062723c751e8b465ee728b)  -> (artifact id: '13db64a3b16b9e7ba430e81aabafe3ad') in 0.009922 seconds 
========================================================================
Received Import Request.
  Time since last request: 0.000025 seconds.
  path: Assets/Sounds My/Effects/X2Download.com - Sci-Fi ASMR Laboratory on Mars Spaceship Ambience (320 kbps).mp3
  artifactKey: Guid(3d38f4f07ee1d6447ae500ff320ef67c) Importer(815301076,1909f56bfc062723c751e8b465ee728b)
Start importing Assets/Sounds My/Effects/X2Download.com - Sci-Fi ASMR Laboratory on Mars Spaceship Ambience (320 kbps).mp3 using Guid(3d38f4f07ee1d6447ae500ff320ef67c) Importer(815301076,1909f56bfc062723c751e8b465ee728b)  -> (artifact id: '4f00b69094523060677caaa176b5bfe3') in 0.011151 seconds 
========================================================================
Received Import Request.
  Time since last request: 0.000034 seconds.
  path: Assets/Sounds My/Effects/human-vocal-gargle-01.wav
  artifactKey: Guid(41dabf9b47dd8c44c9ae7ec6aabd2eab) Importer(815301076,1909f56bfc062723c751e8b465ee728b)
Start importing Assets/Sounds My/Effects/human-vocal-gargle-01.wav using Guid(41dabf9b47dd8c44c9ae7ec6aabd2eab) Importer(815301076,1909f56bfc062723c751e8b465ee728b)  -> (artifact id: '1b471e0dfc3f43f0e0e021735b17753d') in 0.011766 seconds 
========================================================================
Received Import Request.
  Time since last request: 16.875187 seconds.
  path: Assets/Sounds My/Effects/your-new-project-2022-05-05t19-24-26-985394z/music/Music_Scene_01/kf017701-a-wide-land.wav
  artifactKey: Guid(cd5efaaee5725174484dc4eb1fe19045) Importer(815301076,1909f56bfc062723c751e8b465ee728b)
Start importing Assets/Sounds My/Effects/your-new-project-2022-05-05t19-24-26-985394z/music/Music_Scene_01/kf017701-a-wide-land.wav using Guid(cd5efaaee5725174484dc4eb1fe19045) Importer(815301076,1909f56bfc062723c751e8b465ee728b)  -> (artifact id: 'a5a9e5003c80c160b538745fface519e') in 0.048918 seconds 
========================================================================
Received Import Request.
  Time since last request: 0.000023 seconds.
  path: Assets/Sounds My/Effects/your-new-project-2022-05-05t19-24-26-985394z/music/Music_Scene_01/kf017704-realization.wav
  artifactKey: Guid(dc3de96369099aa41b51ff657102452c) Importer(815301076,1909f56bfc062723c751e8b465ee728b)
Start importing Assets/Sounds My/Effects/your-new-project-2022-05-05t19-24-26-985394z/music/Music_Scene_01/kf017704-realization.wav using Guid(dc3de96369099aa41b51ff657102452c) Importer(815301076,1909f56bfc062723c751e8b465ee728b)  -> (artifact id: '1b67972d1bd18e41dfde91701f00d626') in 0.034785 seconds 
========================================================================
Received Import Request.
  Time since last request: 0.000019 seconds.
  path: Assets/Sounds My/Effects/your-new-project-2022-05-05t19-24-26-985394z/music/Music_Scene_01/kf025204-beyond-the-horizon.wav
  artifactKey: Guid(cee78cd4768688045a6f3f61bf4b0b45) Importer(815301076,1909f56bfc062723c751e8b465ee728b)
Start importing Assets/Sounds My/Effects/your-new-project-2022-05-05t19-24-26-985394z/music/Music_Scene_01/kf025204-beyond-the-horizon.wav using Guid(cee78cd4768688045a6f3f61bf4b0b45) Importer(815301076,1909f56bfc062723c751e8b465ee728b)  -> (artifact id: '2fb55800f0f52ea94fa826465395e26a') in 0.014861 seconds 
========================================================================
Received Import Request.
  Time since last request: 25.811259 seconds.
  path: Assets/Sounds My/Effects/your-new-project-2022-05-05t19-24-26-985394z/sound/Sound_Scene_01/electricity-electronics-charge-05.wav
  artifactKey: Guid(2d93ea8a3888feb4c9e654856683063e) Importer(815301076,1909f56bfc062723c751e8b465ee728b)
Start importing Assets/Sounds My/Effects/your-new-project-2022-05-05t19-24-26-985394z/sound/Sound_Scene_01/electricity-electronics-charge-05.wav using Guid(2d93ea8a3888feb4c9e654856683063e) Importer(815301076,1909f56bfc062723c751e8b465ee728b)  -> (artifact id: 'b9bfb6d621e78526e0e1fe73b1c76816') in 0.051111 seconds 
========================================================================
Received Import Request.
  Time since last request: 0.000036 seconds.
  path: Assets/Sounds My/Effects/your-new-project-2022-05-05t19-24-26-985394z/sound/Sound_Scene_01/human-vocal-woman-sing-ethnic-01.wav
  artifactKey: Guid(eb343cd4872480a4e84b9e9bdfb03ca6) Importer(815301076,1909f56bfc062723c751e8b465ee728b)
Start importing Assets/Sounds My/Effects/your-new-project-2022-05-05t19-24-26-985394z/sound/Sound_Scene_01/human-vocal-woman-sing-ethnic-01.wav using Guid(eb343cd4872480a4e84b9e9bdfb03ca6) Importer(815301076,1909f56bfc062723c751e8b465ee728b)  -> (artifact id: '5a85833ea49928e66995aaf1019e0cc7') in 0.032315 seconds 
========================================================================
Received Import Request.
  Time since last request: 0.000029 seconds.
  path: Assets/Sounds My/Effects/your-new-project-2022-05-05t19-24-26-985394z/sound/Sound_Scene_01/transportation-car-arrive-wheels-squeak-01.wav
  artifactKey: Guid(dfaf154690a95a243a8d3a56b181675f) Importer(815301076,1909f56bfc062723c751e8b465ee728b)
Start importing Assets/Sounds My/Effects/your-new-project-2022-05-05t19-24-26-985394z/sound/Sound_Scene_01/transportation-car-arrive-wheels-squeak-01.wav using Guid(dfaf154690a95a243a8d3a56b181675f) Importer(815301076,1909f56bfc062723c751e8b465ee728b)  -> (artifact id: '3f69506df6046778b8a9836d88ac9040') in 0.015519 seconds 
========================================================================
Received Import Request.
  Time since last request: 0.000024 seconds.
  path: Assets/Sounds My/Effects/your-new-project-2022-05-05t19-24-26-985394z/sound/Sound_Scene_01/human-breath-female-aroused-02.wav
  artifactKey: Guid(0abb0a228c5e8aa46be8c3f77d3569d6) Importer(815301076,1909f56bfc062723c751e8b465ee728b)
Start importing Assets/Sounds My/Effects/your-new-project-2022-05-05t19-24-26-985394z/sound/Sound_Scene_01/human-breath-female-aroused-02.wav using Guid(0abb0a228c5e8aa46be8c3f77d3569d6) Importer(815301076,1909f56bfc062723c751e8b465ee728b)  -> (artifact id: '4d99b7a97fe08185615a6741f39e1883') in 0.049322 seconds 
========================================================================
Received Import Request.
  Time since last request: 0.000032 seconds.
  path: Assets/Sounds My/Effects/your-new-project-2022-05-05t19-24-26-985394z/sound/Sound_Scene_01/human-vocal-male-near-death-07.wav
  artifactKey: Guid(e5587232321dc634db2c77eac212ec68) Importer(815301076,1909f56bfc062723c751e8b465ee728b)
Start importing Assets/Sounds My/Effects/your-new-project-2022-05-05t19-24-26-985394z/sound/Sound_Scene_01/human-vocal-male-near-death-07.wav using Guid(e5587232321dc634db2c77eac212ec68) Importer(815301076,1909f56bfc062723c751e8b465ee728b)  -> (artifact id: '359ecab559540b97a7a9fcb6b8548730') in 0.014468 seconds 
========================================================================
Received Import Request.
  Time since last request: 0.000026 seconds.
  path: Assets/Sounds My/Effects/your-new-project-2022-05-05t19-24-26-985394z/sound/Sound_Scene_01/object-paper-handling-paper-04.wav
  artifactKey: Guid(434bb180e288034418409784bfed41f9) Importer(815301076,1909f56bfc062723c751e8b465ee728b)
Start importing Assets/Sounds My/Effects/your-new-project-2022-05-05t19-24-26-985394z/sound/Sound_Scene_01/object-paper-handling-paper-04.wav using Guid(434bb180e288034418409784bfed41f9) Importer(815301076,1909f56bfc062723c751e8b465ee728b)  -> (artifact id: 'edf46b6bee463186e8b3ed4e44b3e080') in 0.011960 seconds 
========================================================================
Received Import Request.
  Time since last request: 0.000034 seconds.
  path: Assets/Sounds My/Effects/your-new-project-2022-05-05t19-24-26-985394z/sound/Sound_Scene_01/object-paper-handling-paper-03.wav
  artifactKey: Guid(a162f0c033e2f1e4c9c144d2fb9f98ee) Importer(815301076,1909f56bfc062723c751e8b465ee728b)
Start importing Assets/Sounds My/Effects/your-new-project-2022-05-05t19-24-26-985394z/sound/Sound_Scene_01/object-paper-handling-paper-03.wav using Guid(a162f0c033e2f1e4c9c144d2fb9f98ee) Importer(815301076,1909f56bfc062723c751e8b465ee728b)  -> (artifact id: 'cb3a7f736835fd9ff61689a134e0da6b') in 0.014690 seconds 
========================================================================
Received Import Request.
  Time since last request: 0.000023 seconds.
  path: Assets/Sounds My/Effects/your-new-project-2022-05-05t19-24-26-985394z/sound/Sound_Scene_01/human-vocal-gargle-01.wav
  artifactKey: Guid(38407c52929d59547941e6b1b136e8f4) Importer(815301076,1909f56bfc062723c751e8b465ee728b)
Start importing Assets/Sounds My/Effects/your-new-project-2022-05-05t19-24-26-985394z/sound/Sound_Scene_01/human-vocal-gargle-01.wav using Guid(38407c52929d59547941e6b1b136e8f4) Importer(815301076,1909f56bfc062723c751e8b465ee728b)  -> (artifact id: 'be1ec11aa9889369d9f449056bc7c3f0') in 0.012624 seconds 
========================================================================
Received Import Request.
  Time since last request: 27.190828 seconds.
  path: Assets/Sounds My/Effects/your-new-project-2022-05-05t19-24-26-985394z/your-new-project-2022-05-06t09-03-58-097448z/sound/Sound_Scene_01/elements-fire-fireplace-small-crackle-02.wav
  artifactKey: Guid(04b9ef1485db54e41bcce27cf9040fa6) Importer(815301076,1909f56bfc062723c751e8b465ee728b)
Start importing Assets/Sounds My/Effects/your-new-project-2022-05-05t19-24-26-985394z/your-new-project-2022-05-06t09-03-58-097448z/sound/Sound_Scene_01/elements-fire-fireplace-small-crackle-02.wav using Guid(04b9ef1485db54e41bcce27cf9040fa6) Importer(815301076,1909f56bfc062723c751e8b465ee728b)  -> (artifact id: '229f6c86bdc2405cf46f9d0bf64c0f36') in 0.047265 seconds 
========================================================================
Received Import Request.
  Time since last request: 0.000021 seconds.
  path: Assets/Sounds My/Effects/your-new-project-2022-05-05t19-24-26-985394z/your-new-project-2022-05-06t09-03-58-097448z/sound/Sound_Scene_01/object-medieval-chest-wood-small-open-02.wav
  artifactKey: Guid(2681b3d64663ca349ac7f80467632f65) Importer(815301076,1909f56bfc062723c751e8b465ee728b)
Start importing Assets/Sounds My/Effects/your-new-project-2022-05-05t19-24-26-985394z/your-new-project-2022-05-06t09-03-58-097448z/sound/Sound_Scene_01/object-medieval-chest-wood-small-open-02.wav using Guid(2681b3d64663ca349ac7f80467632f65) Importer(815301076,1909f56bfc062723c751e8b465ee728b)  -> (artifact id: '3226c6d9718eb7fe1b7d93e89ebc2c78') in 0.035479 seconds 
========================================================================
Received Import Request.
  Time since last request: 0.000023 seconds.
  path: Assets/Sounds My/Effects/your-new-project-2022-05-05t19-24-26-985394z/your-new-project-2022-05-06t09-03-58-097448z/sound/Sound_Scene_01/human-crowd-male-crowd-happy-02.wav
  artifactKey: Guid(4b1419482feb0a24085713548c4149a7) Importer(815301076,1909f56bfc062723c751e8b465ee728b)
Start importing Assets/Sounds My/Effects/your-new-project-2022-05-05t19-24-26-985394z/your-new-project-2022-05-06t09-03-58-097448z/sound/Sound_Scene_01/human-crowd-male-crowd-happy-02.wav using Guid(4b1419482feb0a24085713548c4149a7) Importer(815301076,1909f56bfc062723c751e8b465ee728b)  -> (artifact id: '2cb27752899d3eb4603549c704d89954') in 0.016641 seconds 
========================================================================
Received Import Request.
  Time since last request: 38.111000 seconds.
  path: Assets/Sounds My/Effects/your-new-project-2022-05-05t19-24-26-985394z/your-new-project-2022-05-06t09-03-58-097448z/music/Music_Scene_01/kf012001-human-duty.wav
  artifactKey: Guid(20d1edc512f97814db5ad0ba76a424e5) Importer(815301076,1909f56bfc062723c751e8b465ee728b)
Start importing Assets/Sounds My/Effects/your-new-project-2022-05-05t19-24-26-985394z/your-new-project-2022-05-06t09-03-58-097448z/music/Music_Scene_01/kf012001-human-duty.wav using Guid(20d1edc512f97814db5ad0ba76a424e5) Importer(815301076,1909f56bfc062723c751e8b465ee728b)  -> (artifact id: 'f34f94a6385c29aad40ec3cf230592ca') in 0.056069 seconds 
========================================================================
Received Import Request.
  Time since last request: 0.000020 seconds.
  path: Assets/Sounds My/Effects/your-new-project-2022-05-05t19-24-26-985394z/your-new-project-2022-05-06t09-03-58-097448z/music/Music_Scene_01/kf018602-my-story-to-tell.wav
  artifactKey: Guid(81a19d0f404b9b249b71bf09c97153dd) Importer(815301076,1909f56bfc062723c751e8b465ee728b)
Start importing Assets/Sounds My/Effects/your-new-project-2022-05-05t19-24-26-985394z/your-new-project-2022-05-06t09-03-58-097448z/music/Music_Scene_01/kf018602-my-story-to-tell.wav using Guid(81a19d0f404b9b249b71bf09c97153dd) Importer(815301076,1909f56bfc062723c751e8b465ee728b)  -> (artifact id: 'e1f0979d763b33c54479f5b0fcdc8377') in 0.025170 seconds 
========================================================================
Received Import Request.
  Time since last request: 0.000027 seconds.
  path: Assets/Sounds My/Effects/your-new-project-2022-05-05t19-24-26-985394z/your-new-project-2022-05-06t09-03-58-097448z/music/Music_Scene_01/kf013307-heroic-theme.wav
  artifactKey: Guid(520057b2aaa9d5e468e153b8fed18aeb) Importer(815301076,1909f56bfc062723c751e8b465ee728b)
Start importing Assets/Sounds My/Effects/your-new-project-2022-05-05t19-24-26-985394z/your-new-project-2022-05-06t09-03-58-097448z/music/Music_Scene_01/kf013307-heroic-theme.wav using Guid(520057b2aaa9d5e468e153b8fed18aeb) Importer(815301076,1909f56bfc062723c751e8b465ee728b)  -> (artifact id: 'e690ee1de0375fcc061b28de3a6034da') in 0.051467 seconds 
========================================================================
Received Import Request.
  Time since last request: 0.000022 seconds.
  path: Assets/Sounds My/Effects/your-new-project-2022-05-05t19-24-26-985394z/your-new-project-2022-05-06t09-03-58-097448z/music/Music_Scene_01/kf019912-bright-morning.wav
  artifactKey: Guid(27b94b8e09342c94692081d11f864c4a) Importer(815301076,1909f56bfc062723c751e8b465ee728b)
Start importing Assets/Sounds My/Effects/your-new-project-2022-05-05t19-24-26-985394z/your-new-project-2022-05-06t09-03-58-097448z/music/Music_Scene_01/kf019912-bright-morning.wav using Guid(27b94b8e09342c94692081d11f864c4a) Importer(815301076,1909f56bfc062723c751e8b465ee728b)  -> (artifact id: '6c38ac0b554b958ceff4aef5d014d310') in 0.023979 seconds 
========================================================================
Received Import Request.
  Time since last request: 65.537050 seconds.
  path: Assets/World/_TerrainAutoUpgrade/layer_sandNormalMap3d3aba195e4d26ee - Copy.terrainlayer
  artifactKey: Guid(16ad82a996a0e79418ec33cce1e2ffd3) Importer(815301076,1909f56bfc062723c751e8b465ee728b)
Start importing Assets/World/_TerrainAutoUpgrade/layer_sandNormalMap3d3aba195e4d26ee - Copy.terrainlayer using Guid(16ad82a996a0e79418ec33cce1e2ffd3) Importer(815301076,1909f56bfc062723c751e8b465ee728b)  -> (artifact id: 'c7d24cfdf42e28d589bbba9308d3bf29') in 0.037980 seconds 
========================================================================
Received Import Request.
  Time since last request: 28.247789 seconds.
  path: Assets/World/SimpleNaturePack/Prefabs/Branch_01.prefab
  artifactKey: Guid(b9de24523a11d714db3851b5f0f9d527) Importer(815301076,1909f56bfc062723c751e8b465ee728b)
Start importing Assets/World/SimpleNaturePack/Prefabs/Branch_01.prefab using Guid(b9de24523a11d714db3851b5f0f9d527) Importer(815301076,1909f56bfc062723c751e8b465ee728b)  -> (artifact id: '44c2e4b72eea8547701edb1e3f6863ca') in 0.052710 seconds 
========================================================================
Received Import Request.
  Time since last request: 0.000019 seconds.
  path: Assets/World/SimpleNaturePack/Prefabs/Rock_02.prefab
  artifactKey: Guid(cebfacc247a640945a2c30b442202fca) Importer(815301076,1909f56bfc062723c751e8b465ee728b)
Start importing Assets/World/SimpleNaturePack/Prefabs/Rock_02.prefab using Guid(cebfacc247a640945a2c30b442202fca) Importer(815301076,1909f56bfc062723c751e8b465ee728b)  -> (artifact id: '250eac2000b48302d5c8491a34468ea2') in 0.024453 seconds 
========================================================================
Received Import Request.
  Time since last request: 0.000017 seconds.
  path: Assets/World/SimpleNaturePack/Prefabs/Tree_01.prefab
  artifactKey: Guid(88f2fd29f58b9734683512546acec310) Importer(815301076,1909f56bfc062723c751e8b465ee728b)
Start importing Assets/World/SimpleNaturePack/Prefabs/Tree_01.prefab using Guid(88f2fd29f58b9734683512546acec310) Importer(815301076,1909f56bfc062723c751e8b465ee728b)  -> (artifact id: 'd210dad83ef5521d2ef7e37e979c4d8d') in 0.018843 seconds 
========================================================================
Received Import Request.
  Time since last request: 0.000022 seconds.
  path: Assets/World/SimpleNaturePack/Prefabs/Mushroom_02.prefab
  artifactKey: Guid(494f6d43e170e9145bc7865d243ee00b) Importer(815301076,1909f56bfc062723c751e8b465ee728b)
Start importing Assets/World/SimpleNaturePack/Prefabs/Mushroom_02.prefab using Guid(494f6d43e170e9145bc7865d243ee00b) Importer(815301076,1909f56bfc062723c751e8b465ee728b)  -> (artifact id: '03379f0a6b752e0648042da713e1cc24') in 0.033144 seconds 
========================================================================
Received Import Request.
  Time since last request: 0.000018 seconds.
  path: Assets/World/SimpleNaturePack/Prefabs/Rock_03.prefab
  artifactKey: Guid(0fde05fa0f3321942a21896ff4f0856f) Importer(815301076,1909f56bfc062723c751e8b465ee728b)
Start importing Assets/World/SimpleNaturePack/Prefabs/Rock_03.prefab using Guid(0fde05fa0f3321942a21896ff4f0856f) Importer(815301076,1909f56bfc062723c751e8b465ee728b)  -> (artifact id: 'e73ff6b5d46cc70c979a67c0b354a873') in 0.028083 seconds 
========================================================================
Received Import Request.
  Time since last request: 0.000028 seconds.
  path: Assets/World/SimpleNaturePack/Prefabs/Rock_01.prefab
  artifactKey: Guid(c6308cb7062fac34e8e50600086b12a1) Importer(815301076,1909f56bfc062723c751e8b465ee728b)
Start importing Assets/World/SimpleNaturePack/Prefabs/Rock_01.prefab using Guid(c6308cb7062fac34e8e50600086b12a1) Importer(815301076,1909f56bfc062723c751e8b465ee728b)  -> (artifact id: '234af4140ed4647759a0a617e7adcd96') in 0.022449 seconds 
========================================================================
Received Import Request.
  Time since last request: 0.000030 seconds.
  path: Assets/World/SimpleNaturePack/Prefabs/Tree_03.prefab
  artifactKey: Guid(c60edd51c065ceb46b345849a03bc106) Importer(815301076,1909f56bfc062723c751e8b465ee728b)
Start importing Assets/World/SimpleNaturePack/Prefabs/Tree_03.prefab using Guid(c60edd51c065ceb46b345849a03bc106) Importer(815301076,1909f56bfc062723c751e8b465ee728b)  -> (artifact id: 'fa4f45190bb794c59aa4f5ff5bf0f298') in 0.018013 seconds 
========================================================================
Received Import Request.
  Time since last request: 0.000019 seconds.
  path: Assets/World/SimpleNaturePack/Prefabs/Rock_04.prefab
  artifactKey: Guid(f02116c209ecd9e488fc4d2cd8996133) Importer(815301076,1909f56bfc062723c751e8b465ee728b)
Start importing Assets/World/SimpleNaturePack/Prefabs/Rock_04.prefab using Guid(f02116c209ecd9e488fc4d2cd8996133) Importer(815301076,1909f56bfc062723c751e8b465ee728b)  -> (artifact id: '3e30bd673087f1ec09f1bfc51235acb8') in 0.023257 seconds 
========================================================================
Received Import Request.
  Time since last request: 0.000035 seconds.
  path: Assets/World/SimpleNaturePack/Prefabs/Flowers_01.prefab
  artifactKey: Guid(ac8efb728f1fb9b4092c4df591c827ca) Importer(815301076,1909f56bfc062723c751e8b465ee728b)
Start importing Assets/World/SimpleNaturePack/Prefabs/Flowers_01.prefab using Guid(ac8efb728f1fb9b4092c4df591c827ca) Importer(815301076,1909f56bfc062723c751e8b465ee728b)  -> (artifact id: '7f6d07b7e4ef88bead009152da911bce') in 0.027852 seconds 
========================================================================
Received Import Request.
  Time since last request: 0.000016 seconds.
  path: Assets/World/SimpleNaturePack/Prefabs/Tree_02.prefab
  artifactKey: Guid(e289bf5debb17f6459818c207d781953) Importer(815301076,1909f56bfc062723c751e8b465ee728b)
Start importing Assets/World/SimpleNaturePack/Prefabs/Tree_02.prefab using Guid(e289bf5debb17f6459818c207d781953) Importer(815301076,1909f56bfc062723c751e8b465ee728b)  -> (artifact id: 'e27fc7cdf2d8e66a4379691342dbcfed') in 0.015264 seconds 
========================================================================
Received Import Request.
  Time since last request: 0.000028 seconds.
  path: Assets/World/SimpleNaturePack/Prefabs/Ground_02.prefab
  artifactKey: Guid(e2e682b966e3f644392ffbfab511e0e2) Importer(815301076,1909f56bfc062723c751e8b465ee728b)
Start importing Assets/World/SimpleNaturePack/Prefabs/Ground_02.prefab using Guid(e2e682b966e3f644392ffbfab511e0e2) Importer(815301076,1909f56bfc062723c751e8b465ee728b)  -> (artifact id: '9f0ae73f3121e270acdd358dfc992365') in 0.014872 seconds 
========================================================================
Received Import Request.
  Time since last request: 0.000021 seconds.
  path: Assets/World/SimpleNaturePack/Prefabs/Bush_02.prefab
  artifactKey: Guid(b71b0f8d2f881c743a85228f3030d1cb) Importer(815301076,1909f56bfc062723c751e8b465ee728b)
Start importing Assets/World/SimpleNaturePack/Prefabs/Bush_02.prefab using Guid(b71b0f8d2f881c743a85228f3030d1cb) Importer(815301076,1909f56bfc062723c751e8b465ee728b)  -> (artifact id: '30807472a9add191801afac6c6211202') in 0.014227 seconds 
========================================================================
Received Import Request.
  Time since last request: 3.892599 seconds.
  path: Assets/World/SimpleNaturePack/Models
  artifactKey: Guid(f2460ba6bbb1eee41b63499dcba676dc) Importer(815301076,1909f56bfc062723c751e8b465ee728b)
Start importing Assets/World/SimpleNaturePack/Models using Guid(f2460ba6bbb1eee41b63499dcba676dc) Importer(815301076,1909f56bfc062723c751e8b465ee728b)  -> (artifact id: 'a347330245a944439cca36b4f9a5589d') in 0.002984 seconds 
========================================================================
Received Import Request.
  Time since last request: 0.098392 seconds.
  path: Assets/World/SimpleNaturePack/Models/Branch_01.fbx
  artifactKey: Guid(5528351815fd4c04abf537f22c7e18f1) Importer(815301076,1909f56bfc062723c751e8b465ee728b)
Start importing Assets/World/SimpleNaturePack/Models/Branch_01.fbx using Guid(5528351815fd4c04abf537f22c7e18f1) Importer(815301076,1909f56bfc062723c751e8b465ee728b)  -> (artifact id: 'a06395d3a797d67a91bff5903cd68b40') in 0.041356 seconds 
========================================================================
Received Import Request.
  Time since last request: 0.000024 seconds.
  path: Assets/World/SimpleNaturePack/Models/Rock_02.fbx
  artifactKey: Guid(3a775dc2c1a334b45a5667a56fe92c23) Importer(815301076,1909f56bfc062723c751e8b465ee728b)
Start importing Assets/World/SimpleNaturePack/Models/Rock_02.fbx using Guid(3a775dc2c1a334b45a5667a56fe92c23) Importer(815301076,1909f56bfc062723c751e8b465ee728b)  -> (artifact id: '290a29c5fa70f1eda17b1db5a148c7b3') in 0.019815 seconds 
========================================================================
Received Import Request.
  Time since last request: 0.000019 seconds.
  path: Assets/World/SimpleNaturePack/Models/Tree_01.fbx
  artifactKey: Guid(6c7eaede4efc960409fb9ef2dfb77f29) Importer(815301076,1909f56bfc062723c751e8b465ee728b)
Start importing Assets/World/SimpleNaturePack/Models/Tree_01.fbx using Guid(6c7eaede4efc960409fb9ef2dfb77f29) Importer(815301076,1909f56bfc062723c751e8b465ee728b)  -> (artifact id: '2553330398e94386af8286124baa8cde') in 0.020786 seconds 
========================================================================
Received Import Request.
  Time since last request: 0.000021 seconds.
  path: Assets/World/SimpleNaturePack/Models/Tree_03.fbx
  artifactKey: Guid(69f0af3a0a6c73b4ab4b89eb82cdc488) Importer(815301076,1909f56bfc062723c751e8b465ee728b)
Start importing Assets/World/SimpleNaturePack/Models/Tree_03.fbx using Guid(69f0af3a0a6c73b4ab4b89eb82cdc488) Importer(815301076,1909f56bfc062723c751e8b465ee728b)  -> (artifact id: '928dd262031b3f565faf303ac4c9a126') in 0.022787 seconds 
========================================================================
Received Import Request.
  Time since last request: 0.000023 seconds.
  path: Assets/World/SimpleNaturePack/Models/Rock_01.fbx
  artifactKey: Guid(e9089b1db16b58f4282a94e020b9c0e8) Importer(815301076,1909f56bfc062723c751e8b465ee728b)
Start importing Assets/World/SimpleNaturePack/Models/Rock_01.fbx using Guid(e9089b1db16b58f4282a94e020b9c0e8) Importer(815301076,1909f56bfc062723c751e8b465ee728b)  -> (artifact id: 'ca3a4fcc9ff81e864b65c450d6bbdc5c') in 0.018632 seconds 
========================================================================
Received Import Request.
  Time since last request: 0.000029 seconds.
  path: Assets/World/SimpleNaturePack/Models/Flowers_01.fbx
  artifactKey: Guid(b5a80b3e2a089b841b155d7c7f461e7c) Importer(815301076,1909f56bfc062723c751e8b465ee728b)
Start importing Assets/World/SimpleNaturePack/Models/Flowers_01.fbx using Guid(b5a80b3e2a089b841b155d7c7f461e7c) Importer(815301076,1909f56bfc062723c751e8b465ee728b)  -> (artifact id: '56b2535bc1f0fc0edad7115c9882888f') in 0.017899 seconds 
========================================================================
Received Import Request.
  Time since last request: 0.000163 seconds.
  path: Assets/World/SimpleNaturePack/Models/Rock_03.fbx
  artifactKey: Guid(14125b656fb71fd4d9d65bfe344107ad) Importer(815301076,1909f56bfc062723c751e8b465ee728b)
Start importing Assets/World/SimpleNaturePack/Models/Rock_03.fbx using Guid(14125b656fb71fd4d9d65bfe344107ad) Importer(815301076,1909f56bfc062723c751e8b465ee728b)  -> (artifact id: '7abad7042c309d03323adb7dde9575ab') in 0.022277 seconds 
========================================================================
Received Import Request.
  Time since last request: 0.000016 seconds.
  path: Assets/World/SimpleNaturePack/Models/Tree_04.fbx
  artifactKey: Guid(83e8d2542718a2e49a73d71c3a5fc685) Importer(815301076,1909f56bfc062723c751e8b465ee728b)
Start importing Assets/World/SimpleNaturePack/Models/Tree_04.fbx using Guid(83e8d2542718a2e49a73d71c3a5fc685) Importer(815301076,1909f56bfc062723c751e8b465ee728b)  -> (artifact id: '8b393c38d4eb6301a08b983371cd40fd') in 0.020208 seconds 
========================================================================
Received Import Request.
  Time since last request: 0.000028 seconds.
  path: Assets/World/SimpleNaturePack/Models/Rock_05.fbx
  artifactKey: Guid(fa2e670bb3648a84b9df8d16da25b85e) Importer(815301076,1909f56bfc062723c751e8b465ee728b)
Start importing Assets/World/SimpleNaturePack/Models/Rock_05.fbx using Guid(fa2e670bb3648a84b9df8d16da25b85e) Importer(815301076,1909f56bfc062723c751e8b465ee728b)  -> (artifact id: '0ccc579a8b13976fd8577290b3d985a1') in 0.020423 seconds 
========================================================================
Received Import Request.
  Time since last request: 0.000021 seconds.
  path: Assets/World/SimpleNaturePack/Models/Ground_03.fbx
  artifactKey: Guid(661464e19c087564badb2bf5230c842c) Importer(815301076,1909f56bfc062723c751e8b465ee728b)
Start importing Assets/World/SimpleNaturePack/Models/Ground_03.fbx using Guid(661464e19c087564badb2bf5230c842c) Importer(815301076,1909f56bfc062723c751e8b465ee728b)  -> (artifact id: '6e5110a9277c1053bc2b31bb0b2d3ea7') in 0.018708 seconds 
========================================================================
Received Import Request.
  Time since last request: 0.000022 seconds.
  path: Assets/World/SimpleNaturePack/Models/Grass_02.fbx
  artifactKey: Guid(638dc165572d2a84081d13ce1afb4d52) Importer(815301076,1909f56bfc062723c751e8b465ee728b)
Start importing Assets/World/SimpleNaturePack/Models/Grass_02.fbx using Guid(638dc165572d2a84081d13ce1afb4d52) Importer(815301076,1909f56bfc062723c751e8b465ee728b)  -> (artifact id: '52ca364b11a0dccbd889f7e807888b2c') in 0.021463 seconds 
========================================================================
Received Import Request.
  Time since last request: 0.000026 seconds.
  path: Assets/World/SimpleNaturePack/Models/Flowers_02.fbx
  artifactKey: Guid(8ea980fdc4aa5e749b000c1a0d4b9bbc) Importer(815301076,1909f56bfc062723c751e8b465ee728b)
Start importing Assets/World/SimpleNaturePack/Models/Flowers_02.fbx using Guid(8ea980fdc4aa5e749b000c1a0d4b9bbc) Importer(815301076,1909f56bfc062723c751e8b465ee728b)  -> (artifact id: '8d91e84e7eb0e21ed8f161841594f38f') in 0.021036 seconds 
========================================================================
Received Import Request.
  Time since last request: 8.907001 seconds.
  path: Assets/Aura 2/cureent.asset
  artifactKey: Guid(fd1e21ed8bd3ad044ac8c9b9b553e092) Importer(815301076,1909f56bfc062723c751e8b465ee728b)
Start importing Assets/Aura 2/cureent.asset using Guid(fd1e21ed8bd3ad044ac8c9b9b553e092) Importer(815301076,1909f56bfc062723c751e8b465ee728b)  -> (artifact id: '9dda26ec3cb908ae72a31210e3fe5a0a') in 0.006859 seconds 
